[2024-11-25T08:08:21.980+0000] {processor.py:186} INFO - Started process (PID=126) to work on /home/airflow/.local/lib/python3.12/site-packages/airflow/example_dags/example_short_circuit_operator.py
[2024-11-25T08:08:21.982+0000] {processor.py:914} INFO - Processing file /home/airflow/.local/lib/python3.12/site-packages/airflow/example_dags/example_short_circuit_operator.py for tasks to queue
[2024-11-25T08:08:21.995+0000] {logging_mixin.py:190} INFO - [2024-11-25T08:08:21.994+0000] {dagbag.py:588} INFO - Filling up the DagBag from /home/airflow/.local/lib/python3.12/site-packages/airflow/example_dags/example_short_circuit_operator.py
[2024-11-25T08:08:22.028+0000] {processor.py:925} INFO - DAG(s) 'example_short_circuit_operator' retrieved from /home/airflow/.local/lib/python3.12/site-packages/airflow/example_dags/example_short_circuit_operator.py
[2024-11-25T08:08:22.140+0000] {logging_mixin.py:190} INFO - [2024-11-25T08:08:22.139+0000] {dag.py:3239} INFO - Sync 1 DAGs
[2024-11-25T08:08:22.204+0000] {logging_mixin.py:190} INFO - [2024-11-25T08:08:22.203+0000] {dag.py:4180} INFO - Setting next_dagrun for example_short_circuit_operator to None, run_after=None
[2024-11-25T08:08:22.272+0000] {processor.py:208} INFO - Processing /home/airflow/.local/lib/python3.12/site-packages/airflow/example_dags/example_short_circuit_operator.py took 0.314 seconds
[2024-11-25T08:08:30.662+0000] {processor.py:186} INFO - Started process (PID=177) to work on /home/airflow/.local/lib/python3.12/site-packages/airflow/example_dags/example_short_circuit_operator.py
[2024-11-25T08:08:30.663+0000] {processor.py:914} INFO - Processing file /home/airflow/.local/lib/python3.12/site-packages/airflow/example_dags/example_short_circuit_operator.py for tasks to queue
[2024-11-25T08:08:30.667+0000] {logging_mixin.py:190} INFO - [2024-11-25T08:08:30.666+0000] {dagbag.py:588} INFO - Filling up the DagBag from /home/airflow/.local/lib/python3.12/site-packages/airflow/example_dags/example_short_circuit_operator.py
[2024-11-25T08:08:30.680+0000] {processor.py:925} INFO - DAG(s) 'example_short_circuit_operator' retrieved from /home/airflow/.local/lib/python3.12/site-packages/airflow/example_dags/example_short_circuit_operator.py
[2024-11-25T08:08:30.715+0000] {logging_mixin.py:190} INFO - [2024-11-25T08:08:30.715+0000] {dag.py:3239} INFO - Sync 1 DAGs
[2024-11-25T08:08:30.736+0000] {logging_mixin.py:190} INFO - [2024-11-25T08:08:30.736+0000] {dag.py:4180} INFO - Setting next_dagrun for example_short_circuit_operator to None, run_after=None
[2024-11-25T08:08:30.762+0000] {processor.py:208} INFO - Processing /home/airflow/.local/lib/python3.12/site-packages/airflow/example_dags/example_short_circuit_operator.py took 0.106 seconds
[2024-11-25T08:09:03.508+0000] {processor.py:186} INFO - Started process (PID=239) to work on /home/airflow/.local/lib/python3.12/site-packages/airflow/example_dags/example_short_circuit_operator.py
[2024-11-25T08:09:03.509+0000] {processor.py:914} INFO - Processing file /home/airflow/.local/lib/python3.12/site-packages/airflow/example_dags/example_short_circuit_operator.py for tasks to queue
[2024-11-25T08:09:03.512+0000] {logging_mixin.py:190} INFO - [2024-11-25T08:09:03.511+0000] {dagbag.py:588} INFO - Filling up the DagBag from /home/airflow/.local/lib/python3.12/site-packages/airflow/example_dags/example_short_circuit_operator.py
[2024-11-25T08:09:03.522+0000] {processor.py:925} INFO - DAG(s) 'example_short_circuit_operator' retrieved from /home/airflow/.local/lib/python3.12/site-packages/airflow/example_dags/example_short_circuit_operator.py
[2024-11-25T08:09:03.552+0000] {logging_mixin.py:190} INFO - [2024-11-25T08:09:03.551+0000] {dag.py:3239} INFO - Sync 1 DAGs
[2024-11-25T08:09:03.570+0000] {logging_mixin.py:190} INFO - [2024-11-25T08:09:03.570+0000] {dag.py:4180} INFO - Setting next_dagrun for example_short_circuit_operator to None, run_after=None
[2024-11-25T08:09:03.595+0000] {processor.py:208} INFO - Processing /home/airflow/.local/lib/python3.12/site-packages/airflow/example_dags/example_short_circuit_operator.py took 0.093 seconds
[2024-11-25T08:09:11.614+0000] {processor.py:186} INFO - Started process (PID=300) to work on /home/airflow/.local/lib/python3.12/site-packages/airflow/example_dags/example_short_circuit_operator.py
[2024-11-25T08:09:11.615+0000] {processor.py:914} INFO - Processing file /home/airflow/.local/lib/python3.12/site-packages/airflow/example_dags/example_short_circuit_operator.py for tasks to queue
[2024-11-25T08:09:11.619+0000] {logging_mixin.py:190} INFO - [2024-11-25T08:09:11.619+0000] {dagbag.py:588} INFO - Filling up the DagBag from /home/airflow/.local/lib/python3.12/site-packages/airflow/example_dags/example_short_circuit_operator.py
[2024-11-25T08:09:11.631+0000] {processor.py:925} INFO - DAG(s) 'example_short_circuit_operator' retrieved from /home/airflow/.local/lib/python3.12/site-packages/airflow/example_dags/example_short_circuit_operator.py
[2024-11-25T08:09:11.664+0000] {logging_mixin.py:190} INFO - [2024-11-25T08:09:11.664+0000] {dag.py:3239} INFO - Sync 1 DAGs
[2024-11-25T08:09:11.682+0000] {logging_mixin.py:190} INFO - [2024-11-25T08:09:11.682+0000] {dag.py:4180} INFO - Setting next_dagrun for example_short_circuit_operator to None, run_after=None
[2024-11-25T08:09:11.706+0000] {processor.py:208} INFO - Processing /home/airflow/.local/lib/python3.12/site-packages/airflow/example_dags/example_short_circuit_operator.py took 0.101 seconds
[2024-11-25T08:09:46.288+0000] {processor.py:186} INFO - Started process (PID=361) to work on /home/airflow/.local/lib/python3.12/site-packages/airflow/example_dags/example_short_circuit_operator.py
[2024-11-25T08:09:46.290+0000] {processor.py:914} INFO - Processing file /home/airflow/.local/lib/python3.12/site-packages/airflow/example_dags/example_short_circuit_operator.py for tasks to queue
[2024-11-25T08:09:46.293+0000] {logging_mixin.py:190} INFO - [2024-11-25T08:09:46.293+0000] {dagbag.py:588} INFO - Filling up the DagBag from /home/airflow/.local/lib/python3.12/site-packages/airflow/example_dags/example_short_circuit_operator.py
[2024-11-25T08:09:46.308+0000] {processor.py:925} INFO - DAG(s) 'example_short_circuit_operator' retrieved from /home/airflow/.local/lib/python3.12/site-packages/airflow/example_dags/example_short_circuit_operator.py
[2024-11-25T08:09:46.351+0000] {logging_mixin.py:190} INFO - [2024-11-25T08:09:46.351+0000] {dag.py:3239} INFO - Sync 1 DAGs
[2024-11-25T08:09:46.379+0000] {logging_mixin.py:190} INFO - [2024-11-25T08:09:46.378+0000] {dag.py:4180} INFO - Setting next_dagrun for example_short_circuit_operator to None, run_after=None
[2024-11-25T08:09:46.415+0000] {processor.py:208} INFO - Processing /home/airflow/.local/lib/python3.12/site-packages/airflow/example_dags/example_short_circuit_operator.py took 0.135 seconds
[2024-11-25T08:10:17.021+0000] {processor.py:186} INFO - Started process (PID=419) to work on /home/airflow/.local/lib/python3.12/site-packages/airflow/example_dags/example_short_circuit_operator.py
[2024-11-25T08:10:17.023+0000] {processor.py:914} INFO - Processing file /home/airflow/.local/lib/python3.12/site-packages/airflow/example_dags/example_short_circuit_operator.py for tasks to queue
[2024-11-25T08:10:17.026+0000] {logging_mixin.py:190} INFO - [2024-11-25T08:10:17.026+0000] {dagbag.py:588} INFO - Filling up the DagBag from /home/airflow/.local/lib/python3.12/site-packages/airflow/example_dags/example_short_circuit_operator.py
[2024-11-25T08:10:17.037+0000] {processor.py:925} INFO - DAG(s) 'example_short_circuit_operator' retrieved from /home/airflow/.local/lib/python3.12/site-packages/airflow/example_dags/example_short_circuit_operator.py
[2024-11-25T08:10:17.070+0000] {logging_mixin.py:190} INFO - [2024-11-25T08:10:17.070+0000] {dag.py:3239} INFO - Sync 1 DAGs
[2024-11-25T08:10:17.099+0000] {logging_mixin.py:190} INFO - [2024-11-25T08:10:17.099+0000] {dag.py:4180} INFO - Setting next_dagrun for example_short_circuit_operator to None, run_after=None
[2024-11-25T08:10:17.128+0000] {processor.py:208} INFO - Processing /home/airflow/.local/lib/python3.12/site-packages/airflow/example_dags/example_short_circuit_operator.py took 0.117 seconds
