[2024-11-25T08:08:14.324+0000] {processor.py:186} INFO - Started process (PID=110) to work on /home/airflow/.local/lib/python3.12/site-packages/airflow/example_dags/example_inlet_event_extra.py
[2024-11-25T08:08:14.326+0000] {processor.py:914} INFO - Processing file /home/airflow/.local/lib/python3.12/site-packages/airflow/example_dags/example_inlet_event_extra.py for tasks to queue
[2024-11-25T08:08:14.329+0000] {logging_mixin.py:190} INFO - [2024-11-25T08:08:14.329+0000] {dagbag.py:588} INFO - Filling up the DagBag from /home/airflow/.local/lib/python3.12/site-packages/airflow/example_dags/example_inlet_event_extra.py
[2024-11-25T08:09:00.704+0000] {processor.py:186} INFO - Started process (PID=225) to work on /home/airflow/.local/lib/python3.12/site-packages/airflow/example_dags/example_inlet_event_extra.py
[2024-11-25T08:09:00.705+0000] {processor.py:914} INFO - Processing file /home/airflow/.local/lib/python3.12/site-packages/airflow/example_dags/example_inlet_event_extra.py for tasks to queue
[2024-11-25T08:09:00.708+0000] {logging_mixin.py:190} INFO - [2024-11-25T08:09:00.707+0000] {dagbag.py:588} INFO - Filling up the DagBag from /home/airflow/.local/lib/python3.12/site-packages/airflow/example_dags/example_inlet_event_extra.py
[2024-11-25T08:09:01.692+0000] {processor.py:925} INFO - DAG(s) 'read_dataset_event_from_classic', 'read_dataset_event' retrieved from /home/airflow/.local/lib/python3.12/site-packages/airflow/example_dags/example_inlet_event_extra.py
[2024-11-25T08:09:01.873+0000] {logging_mixin.py:190} INFO - [2024-11-25T08:09:01.873+0000] {dag.py:3239} INFO - Sync 2 DAGs
[2024-11-25T08:09:01.906+0000] {logging_mixin.py:190} INFO - [2024-11-25T08:09:01.905+0000] {dag.py:4180} INFO - Setting next_dagrun for read_dataset_event to 2024-11-24 00:00:00+00:00, run_after=2024-11-25 00:00:00+00:00
[2024-11-25T08:09:01.911+0000] {logging_mixin.py:190} INFO - [2024-11-25T08:09:01.911+0000] {dag.py:4180} INFO - Setting next_dagrun for read_dataset_event_from_classic to 2024-11-24 00:00:00+00:00, run_after=2024-11-25 00:00:00+00:00
[2024-11-25T08:09:01.935+0000] {processor.py:208} INFO - Processing /home/airflow/.local/lib/python3.12/site-packages/airflow/example_dags/example_inlet_event_extra.py took 1.238 seconds
[2024-11-25T08:09:09.083+0000] {processor.py:186} INFO - Started process (PID=284) to work on /home/airflow/.local/lib/python3.12/site-packages/airflow/example_dags/example_inlet_event_extra.py
[2024-11-25T08:09:09.084+0000] {processor.py:914} INFO - Processing file /home/airflow/.local/lib/python3.12/site-packages/airflow/example_dags/example_inlet_event_extra.py for tasks to queue
[2024-11-25T08:09:09.086+0000] {logging_mixin.py:190} INFO - [2024-11-25T08:09:09.086+0000] {dagbag.py:588} INFO - Filling up the DagBag from /home/airflow/.local/lib/python3.12/site-packages/airflow/example_dags/example_inlet_event_extra.py
[2024-11-25T08:09:09.915+0000] {processor.py:925} INFO - DAG(s) 'read_dataset_event_from_classic', 'read_dataset_event' retrieved from /home/airflow/.local/lib/python3.12/site-packages/airflow/example_dags/example_inlet_event_extra.py
[2024-11-25T08:09:09.932+0000] {logging_mixin.py:190} INFO - [2024-11-25T08:09:09.931+0000] {dag.py:3239} INFO - Sync 2 DAGs
[2024-11-25T08:09:09.964+0000] {logging_mixin.py:190} INFO - [2024-11-25T08:09:09.964+0000] {dag.py:4180} INFO - Setting next_dagrun for read_dataset_event to 2024-11-24 00:00:00+00:00, run_after=2024-11-25 00:00:00+00:00
[2024-11-25T08:09:09.971+0000] {logging_mixin.py:190} INFO - [2024-11-25T08:09:09.971+0000] {dag.py:4180} INFO - Setting next_dagrun for read_dataset_event_from_classic to 2024-11-24 00:00:00+00:00, run_after=2024-11-25 00:00:00+00:00
[2024-11-25T08:09:09.996+0000] {processor.py:208} INFO - Processing /home/airflow/.local/lib/python3.12/site-packages/airflow/example_dags/example_inlet_event_extra.py took 0.919 seconds
[2024-11-25T08:09:41.234+0000] {processor.py:186} INFO - Started process (PID=347) to work on /home/airflow/.local/lib/python3.12/site-packages/airflow/example_dags/example_inlet_event_extra.py
[2024-11-25T08:09:41.236+0000] {processor.py:914} INFO - Processing file /home/airflow/.local/lib/python3.12/site-packages/airflow/example_dags/example_inlet_event_extra.py for tasks to queue
[2024-11-25T08:09:41.243+0000] {logging_mixin.py:190} INFO - [2024-11-25T08:09:41.242+0000] {dagbag.py:588} INFO - Filling up the DagBag from /home/airflow/.local/lib/python3.12/site-packages/airflow/example_dags/example_inlet_event_extra.py
[2024-11-25T08:09:42.468+0000] {processor.py:925} INFO - DAG(s) 'read_dataset_event_from_classic', 'read_dataset_event' retrieved from /home/airflow/.local/lib/python3.12/site-packages/airflow/example_dags/example_inlet_event_extra.py
[2024-11-25T08:09:42.503+0000] {logging_mixin.py:190} INFO - [2024-11-25T08:09:42.502+0000] {dag.py:3239} INFO - Sync 2 DAGs
[2024-11-25T08:09:42.547+0000] {logging_mixin.py:190} INFO - [2024-11-25T08:09:42.546+0000] {dag.py:4180} INFO - Setting next_dagrun for read_dataset_event to 2024-11-24 00:00:00+00:00, run_after=2024-11-25 00:00:00+00:00
[2024-11-25T08:09:42.556+0000] {logging_mixin.py:190} INFO - [2024-11-25T08:09:42.556+0000] {dag.py:4180} INFO - Setting next_dagrun for read_dataset_event_from_classic to 2024-11-24 00:00:00+00:00, run_after=2024-11-25 00:00:00+00:00
[2024-11-25T08:09:42.587+0000] {processor.py:208} INFO - Processing /home/airflow/.local/lib/python3.12/site-packages/airflow/example_dags/example_inlet_event_extra.py took 1.366 seconds
[2024-11-25T08:10:13.302+0000] {processor.py:186} INFO - Started process (PID=412) to work on /home/airflow/.local/lib/python3.12/site-packages/airflow/example_dags/example_inlet_event_extra.py
[2024-11-25T08:10:13.303+0000] {processor.py:914} INFO - Processing file /home/airflow/.local/lib/python3.12/site-packages/airflow/example_dags/example_inlet_event_extra.py for tasks to queue
[2024-11-25T08:10:13.306+0000] {logging_mixin.py:190} INFO - [2024-11-25T08:10:13.306+0000] {dagbag.py:588} INFO - Filling up the DagBag from /home/airflow/.local/lib/python3.12/site-packages/airflow/example_dags/example_inlet_event_extra.py
[2024-11-25T08:10:14.118+0000] {processor.py:925} INFO - DAG(s) 'read_dataset_event', 'read_dataset_event_from_classic' retrieved from /home/airflow/.local/lib/python3.12/site-packages/airflow/example_dags/example_inlet_event_extra.py
[2024-11-25T08:10:14.147+0000] {logging_mixin.py:190} INFO - [2024-11-25T08:10:14.146+0000] {dag.py:3239} INFO - Sync 2 DAGs
[2024-11-25T08:10:14.177+0000] {logging_mixin.py:190} INFO - [2024-11-25T08:10:14.177+0000] {dag.py:4180} INFO - Setting next_dagrun for read_dataset_event to 2024-11-24 00:00:00+00:00, run_after=2024-11-25 00:00:00+00:00
[2024-11-25T08:10:14.186+0000] {logging_mixin.py:190} INFO - [2024-11-25T08:10:14.186+0000] {dag.py:4180} INFO - Setting next_dagrun for read_dataset_event_from_classic to 2024-11-24 00:00:00+00:00, run_after=2024-11-25 00:00:00+00:00
[2024-11-25T08:10:14.216+0000] {processor.py:208} INFO - Processing /home/airflow/.local/lib/python3.12/site-packages/airflow/example_dags/example_inlet_event_extra.py took 0.923 seconds
[2024-11-25T08:10:44.902+0000] {processor.py:186} INFO - Started process (PID=477) to work on /home/airflow/.local/lib/python3.12/site-packages/airflow/example_dags/example_inlet_event_extra.py
[2024-11-25T08:10:44.904+0000] {processor.py:914} INFO - Processing file /home/airflow/.local/lib/python3.12/site-packages/airflow/example_dags/example_inlet_event_extra.py for tasks to queue
[2024-11-25T08:10:44.907+0000] {logging_mixin.py:190} INFO - [2024-11-25T08:10:44.906+0000] {dagbag.py:588} INFO - Filling up the DagBag from /home/airflow/.local/lib/python3.12/site-packages/airflow/example_dags/example_inlet_event_extra.py
