[2024-11-25T08:08:11.243+0000] {processor.py:186} INFO - Started process (PID=94) to work on /home/airflow/.local/lib/python3.12/site-packages/airflow/example_dags/example_sensor_decorator.py
[2024-11-25T08:08:11.245+0000] {processor.py:914} INFO - Processing file /home/airflow/.local/lib/python3.12/site-packages/airflow/example_dags/example_sensor_decorator.py for tasks to queue
[2024-11-25T08:08:11.252+0000] {logging_mixin.py:190} INFO - [2024-11-25T08:08:11.251+0000] {dagbag.py:588} INFO - Filling up the DagBag from /home/airflow/.local/lib/python3.12/site-packages/airflow/example_dags/example_sensor_decorator.py
[2024-11-25T08:08:11.294+0000] {processor.py:925} INFO - DAG(s) 'example_sensor_decorator' retrieved from /home/airflow/.local/lib/python3.12/site-packages/airflow/example_dags/example_sensor_decorator.py
[2024-11-25T08:08:11.819+0000] {logging_mixin.py:190} INFO - [2024-11-25T08:08:11.818+0000] {dag.py:3239} INFO - Sync 1 DAGs
[2024-11-25T08:08:11.853+0000] {logging_mixin.py:190} INFO - [2024-11-25T08:08:11.853+0000] {dag.py:4180} INFO - Setting next_dagrun for example_sensor_decorator to None, run_after=None
[2024-11-25T08:08:11.901+0000] {processor.py:208} INFO - Processing /home/airflow/.local/lib/python3.12/site-packages/airflow/example_dags/example_sensor_decorator.py took 0.676 seconds
[2024-11-25T08:08:27.995+0000] {processor.py:186} INFO - Started process (PID=149) to work on /home/airflow/.local/lib/python3.12/site-packages/airflow/example_dags/example_sensor_decorator.py
[2024-11-25T08:08:27.997+0000] {processor.py:914} INFO - Processing file /home/airflow/.local/lib/python3.12/site-packages/airflow/example_dags/example_sensor_decorator.py for tasks to queue
[2024-11-25T08:08:27.999+0000] {logging_mixin.py:190} INFO - [2024-11-25T08:08:27.999+0000] {dagbag.py:588} INFO - Filling up the DagBag from /home/airflow/.local/lib/python3.12/site-packages/airflow/example_dags/example_sensor_decorator.py
[2024-11-25T08:08:28.011+0000] {processor.py:925} INFO - DAG(s) 'example_sensor_decorator' retrieved from /home/airflow/.local/lib/python3.12/site-packages/airflow/example_dags/example_sensor_decorator.py
[2024-11-25T08:08:28.031+0000] {logging_mixin.py:190} INFO - [2024-11-25T08:08:28.031+0000] {dag.py:3239} INFO - Sync 1 DAGs
[2024-11-25T08:08:28.063+0000] {logging_mixin.py:190} INFO - [2024-11-25T08:08:28.062+0000] {dag.py:4180} INFO - Setting next_dagrun for example_sensor_decorator to None, run_after=None
[2024-11-25T08:08:28.098+0000] {processor.py:208} INFO - Processing /home/airflow/.local/lib/python3.12/site-packages/airflow/example_dags/example_sensor_decorator.py took 0.110 seconds
[2024-11-25T08:08:59.343+0000] {processor.py:186} INFO - Started process (PID=209) to work on /home/airflow/.local/lib/python3.12/site-packages/airflow/example_dags/example_sensor_decorator.py
[2024-11-25T08:08:59.344+0000] {processor.py:914} INFO - Processing file /home/airflow/.local/lib/python3.12/site-packages/airflow/example_dags/example_sensor_decorator.py for tasks to queue
[2024-11-25T08:08:59.347+0000] {logging_mixin.py:190} INFO - [2024-11-25T08:08:59.347+0000] {dagbag.py:588} INFO - Filling up the DagBag from /home/airflow/.local/lib/python3.12/site-packages/airflow/example_dags/example_sensor_decorator.py
[2024-11-25T08:08:59.357+0000] {processor.py:925} INFO - DAG(s) 'example_sensor_decorator' retrieved from /home/airflow/.local/lib/python3.12/site-packages/airflow/example_dags/example_sensor_decorator.py
[2024-11-25T08:08:59.384+0000] {logging_mixin.py:190} INFO - [2024-11-25T08:08:59.383+0000] {dag.py:3239} INFO - Sync 1 DAGs
[2024-11-25T08:08:59.413+0000] {logging_mixin.py:190} INFO - [2024-11-25T08:08:59.412+0000] {dag.py:4180} INFO - Setting next_dagrun for example_sensor_decorator to None, run_after=None
[2024-11-25T08:08:59.450+0000] {processor.py:208} INFO - Processing /home/airflow/.local/lib/python3.12/site-packages/airflow/example_dags/example_sensor_decorator.py took 0.118 seconds
[2024-11-25T08:09:07.863+0000] {processor.py:186} INFO - Started process (PID=264) to work on /home/airflow/.local/lib/python3.12/site-packages/airflow/example_dags/example_sensor_decorator.py
[2024-11-25T08:09:07.865+0000] {processor.py:914} INFO - Processing file /home/airflow/.local/lib/python3.12/site-packages/airflow/example_dags/example_sensor_decorator.py for tasks to queue
[2024-11-25T08:09:07.868+0000] {logging_mixin.py:190} INFO - [2024-11-25T08:09:07.868+0000] {dagbag.py:588} INFO - Filling up the DagBag from /home/airflow/.local/lib/python3.12/site-packages/airflow/example_dags/example_sensor_decorator.py
[2024-11-25T08:09:07.879+0000] {processor.py:925} INFO - DAG(s) 'example_sensor_decorator' retrieved from /home/airflow/.local/lib/python3.12/site-packages/airflow/example_dags/example_sensor_decorator.py
[2024-11-25T08:09:07.901+0000] {logging_mixin.py:190} INFO - [2024-11-25T08:09:07.901+0000] {dag.py:3239} INFO - Sync 1 DAGs
[2024-11-25T08:09:07.918+0000] {logging_mixin.py:190} INFO - [2024-11-25T08:09:07.918+0000] {dag.py:4180} INFO - Setting next_dagrun for example_sensor_decorator to None, run_after=None
[2024-11-25T08:09:07.946+0000] {processor.py:208} INFO - Processing /home/airflow/.local/lib/python3.12/site-packages/airflow/example_dags/example_sensor_decorator.py took 0.091 seconds
[2024-11-25T08:09:39.090+0000] {processor.py:186} INFO - Started process (PID=331) to work on /home/airflow/.local/lib/python3.12/site-packages/airflow/example_dags/example_sensor_decorator.py
[2024-11-25T08:09:39.091+0000] {processor.py:914} INFO - Processing file /home/airflow/.local/lib/python3.12/site-packages/airflow/example_dags/example_sensor_decorator.py for tasks to queue
[2024-11-25T08:09:39.094+0000] {logging_mixin.py:190} INFO - [2024-11-25T08:09:39.094+0000] {dagbag.py:588} INFO - Filling up the DagBag from /home/airflow/.local/lib/python3.12/site-packages/airflow/example_dags/example_sensor_decorator.py
[2024-11-25T08:09:39.106+0000] {processor.py:925} INFO - DAG(s) 'example_sensor_decorator' retrieved from /home/airflow/.local/lib/python3.12/site-packages/airflow/example_dags/example_sensor_decorator.py
[2024-11-25T08:09:39.136+0000] {logging_mixin.py:190} INFO - [2024-11-25T08:09:39.136+0000] {dag.py:3239} INFO - Sync 1 DAGs
[2024-11-25T08:09:39.158+0000] {logging_mixin.py:190} INFO - [2024-11-25T08:09:39.158+0000] {dag.py:4180} INFO - Setting next_dagrun for example_sensor_decorator to None, run_after=None
[2024-11-25T08:09:39.194+0000] {processor.py:208} INFO - Processing /home/airflow/.local/lib/python3.12/site-packages/airflow/example_dags/example_sensor_decorator.py took 0.119 seconds
[2024-11-25T08:11:34.962+0000] {processor.py:186} INFO - Started process (PID=392) to work on /home/airflow/.local/lib/python3.12/site-packages/airflow/example_dags/example_sensor_decorator.py
[2024-11-25T08:11:34.964+0000] {processor.py:914} INFO - Processing file /home/airflow/.local/lib/python3.12/site-packages/airflow/example_dags/example_sensor_decorator.py for tasks to queue
[2024-11-25T08:11:34.969+0000] {logging_mixin.py:190} INFO - [2024-11-25T08:11:34.968+0000] {dagbag.py:588} INFO - Filling up the DagBag from /home/airflow/.local/lib/python3.12/site-packages/airflow/example_dags/example_sensor_decorator.py
[2024-11-25T08:10:10.783+0000] {processor.py:925} INFO - DAG(s) 'example_sensor_decorator' retrieved from /home/airflow/.local/lib/python3.12/site-packages/airflow/example_dags/example_sensor_decorator.py
[2024-11-25T08:10:10.851+0000] {logging_mixin.py:190} INFO - [2024-11-25T08:10:10.851+0000] {dag.py:3239} INFO - Sync 1 DAGs
[2024-11-25T08:10:10.880+0000] {logging_mixin.py:190} INFO - [2024-11-25T08:10:10.880+0000] {dag.py:4180} INFO - Setting next_dagrun for example_sensor_decorator to None, run_after=None
[2024-11-25T08:10:10.911+0000] {processor.py:208} INFO - Processing /home/airflow/.local/lib/python3.12/site-packages/airflow/example_dags/example_sensor_decorator.py took 0.171 seconds
[2024-11-25T08:10:42.701+0000] {processor.py:186} INFO - Started process (PID=461) to work on /home/airflow/.local/lib/python3.12/site-packages/airflow/example_dags/example_sensor_decorator.py
[2024-11-25T08:10:42.702+0000] {processor.py:914} INFO - Processing file /home/airflow/.local/lib/python3.12/site-packages/airflow/example_dags/example_sensor_decorator.py for tasks to queue
[2024-11-25T08:10:42.705+0000] {logging_mixin.py:190} INFO - [2024-11-25T08:10:42.704+0000] {dagbag.py:588} INFO - Filling up the DagBag from /home/airflow/.local/lib/python3.12/site-packages/airflow/example_dags/example_sensor_decorator.py
[2024-11-25T08:10:42.716+0000] {processor.py:925} INFO - DAG(s) 'example_sensor_decorator' retrieved from /home/airflow/.local/lib/python3.12/site-packages/airflow/example_dags/example_sensor_decorator.py
[2024-11-25T08:10:42.748+0000] {logging_mixin.py:190} INFO - [2024-11-25T08:10:42.747+0000] {dag.py:3239} INFO - Sync 1 DAGs
[2024-11-25T08:10:42.770+0000] {logging_mixin.py:190} INFO - [2024-11-25T08:10:42.769+0000] {dag.py:4180} INFO - Setting next_dagrun for example_sensor_decorator to None, run_after=None
[2024-11-25T08:10:42.799+0000] {processor.py:208} INFO - Processing /home/airflow/.local/lib/python3.12/site-packages/airflow/example_dags/example_sensor_decorator.py took 0.106 seconds
