[2024-11-25T08:08:13.812+0000] {processor.py:186} INFO - Started process (PID=106) to work on /home/airflow/.local/lib/python3.12/site-packages/airflow/example_dags/example_branch_python_dop_operator_3.py
[2024-11-25T08:08:13.814+0000] {processor.py:914} INFO - Processing file /home/airflow/.local/lib/python3.12/site-packages/airflow/example_dags/example_branch_python_dop_operator_3.py for tasks to queue
[2024-11-25T08:08:13.816+0000] {logging_mixin.py:190} INFO - [2024-11-25T08:08:13.816+0000] {dagbag.py:588} INFO - Filling up the DagBag from /home/airflow/.local/lib/python3.12/site-packages/airflow/example_dags/example_branch_python_dop_operator_3.py
[2024-11-25T08:08:13.832+0000] {processor.py:925} INFO - DAG(s) 'example_branch_dop_operator_v3' retrieved from /home/airflow/.local/lib/python3.12/site-packages/airflow/example_dags/example_branch_python_dop_operator_3.py
[2024-11-25T08:08:13.883+0000] {logging_mixin.py:190} INFO - [2024-11-25T08:08:13.883+0000] {dag.py:3239} INFO - Sync 1 DAGs
[2024-11-25T08:08:13.965+0000] {logging_mixin.py:190} INFO - [2024-11-25T08:08:13.964+0000] {dag.py:4180} INFO - Setting next_dagrun for example_branch_dop_operator_v3 to 2024-11-25 08:07:00+00:00, run_after=2024-11-25 08:08:00+00:00
[2024-11-25T08:08:14.009+0000] {processor.py:208} INFO - Processing /home/airflow/.local/lib/python3.12/site-packages/airflow/example_dags/example_branch_python_dop_operator_3.py took 0.204 seconds
[2024-11-25T08:08:29.363+0000] {processor.py:186} INFO - Started process (PID=161) to work on /home/airflow/.local/lib/python3.12/site-packages/airflow/example_dags/example_branch_python_dop_operator_3.py
[2024-11-25T08:08:29.365+0000] {processor.py:914} INFO - Processing file /home/airflow/.local/lib/python3.12/site-packages/airflow/example_dags/example_branch_python_dop_operator_3.py for tasks to queue
[2024-11-25T08:08:29.368+0000] {logging_mixin.py:190} INFO - [2024-11-25T08:08:29.367+0000] {dagbag.py:588} INFO - Filling up the DagBag from /home/airflow/.local/lib/python3.12/site-packages/airflow/example_dags/example_branch_python_dop_operator_3.py
[2024-11-25T08:08:29.382+0000] {processor.py:925} INFO - DAG(s) 'example_branch_dop_operator_v3' retrieved from /home/airflow/.local/lib/python3.12/site-packages/airflow/example_dags/example_branch_python_dop_operator_3.py
[2024-11-25T08:08:29.415+0000] {logging_mixin.py:190} INFO - [2024-11-25T08:08:29.414+0000] {dag.py:3239} INFO - Sync 1 DAGs
[2024-11-25T08:08:29.453+0000] {logging_mixin.py:190} INFO - [2024-11-25T08:08:29.453+0000] {dag.py:4180} INFO - Setting next_dagrun for example_branch_dop_operator_v3 to 2024-11-25 08:07:00+00:00, run_after=2024-11-25 08:08:00+00:00
[2024-11-25T08:08:29.484+0000] {processor.py:208} INFO - Processing /home/airflow/.local/lib/python3.12/site-packages/airflow/example_dags/example_branch_python_dop_operator_3.py took 0.128 seconds
[2024-11-25T08:09:00.395+0000] {processor.py:186} INFO - Started process (PID=221) to work on /home/airflow/.local/lib/python3.12/site-packages/airflow/example_dags/example_branch_python_dop_operator_3.py
[2024-11-25T08:09:00.397+0000] {processor.py:914} INFO - Processing file /home/airflow/.local/lib/python3.12/site-packages/airflow/example_dags/example_branch_python_dop_operator_3.py for tasks to queue
[2024-11-25T08:09:00.401+0000] {logging_mixin.py:190} INFO - [2024-11-25T08:09:00.400+0000] {dagbag.py:588} INFO - Filling up the DagBag from /home/airflow/.local/lib/python3.12/site-packages/airflow/example_dags/example_branch_python_dop_operator_3.py
[2024-11-25T08:10:24.619+0000] {processor.py:925} INFO - DAG(s) 'example_branch_dop_operator_v3' retrieved from /home/airflow/.local/lib/python3.12/site-packages/airflow/example_dags/example_branch_python_dop_operator_3.py
[2024-11-25T08:10:24.646+0000] {logging_mixin.py:190} INFO - [2024-11-25T08:10:24.646+0000] {dag.py:3239} INFO - Sync 1 DAGs
[2024-11-25T08:10:24.681+0000] {logging_mixin.py:190} INFO - [2024-11-25T08:10:24.681+0000] {dag.py:4180} INFO - Setting next_dagrun for example_branch_dop_operator_v3 to 2024-11-25 08:09:00+00:00, run_after=2024-11-25 08:10:00+00:00
[2024-11-25T08:10:24.710+0000] {processor.py:208} INFO - Processing /home/airflow/.local/lib/python3.12/site-packages/airflow/example_dags/example_branch_python_dop_operator_3.py took 0.124 seconds
[2024-11-25T08:10:44.303+0000] {processor.py:186} INFO - Started process (PID=473) to work on /home/airflow/.local/lib/python3.12/site-packages/airflow/example_dags/example_branch_python_dop_operator_3.py
[2024-11-25T08:10:44.307+0000] {processor.py:914} INFO - Processing file /home/airflow/.local/lib/python3.12/site-packages/airflow/example_dags/example_branch_python_dop_operator_3.py for tasks to queue
[2024-11-25T08:10:44.317+0000] {logging_mixin.py:190} INFO - [2024-11-25T08:10:44.316+0000] {dagbag.py:588} INFO - Filling up the DagBag from /home/airflow/.local/lib/python3.12/site-packages/airflow/example_dags/example_branch_python_dop_operator_3.py
[2024-11-25T08:10:44.368+0000] {processor.py:925} INFO - DAG(s) 'example_branch_dop_operator_v3' retrieved from /home/airflow/.local/lib/python3.12/site-packages/airflow/example_dags/example_branch_python_dop_operator_3.py
[2024-11-25T08:10:44.449+0000] {logging_mixin.py:190} INFO - [2024-11-25T08:10:44.445+0000] {dag.py:3239} INFO - Sync 1 DAGs
[2024-11-25T08:10:44.540+0000] {logging_mixin.py:190} INFO - [2024-11-25T08:10:44.539+0000] {dag.py:4180} INFO - Setting next_dagrun for example_branch_dop_operator_v3 to 2024-11-25 08:09:00+00:00, run_after=2024-11-25 08:10:00+00:00
[2024-11-25T08:10:44.590+0000] {processor.py:208} INFO - Processing /home/airflow/.local/lib/python3.12/site-packages/airflow/example_dags/example_branch_python_dop_operator_3.py took 0.303 seconds
