[2024-11-25T08:08:10.811+0000] {processor.py:186} INFO - Started process (PID=92) to work on /home/airflow/.local/lib/python3.12/site-packages/airflow/example_dags/example_python_operator.py
[2024-11-25T08:08:10.813+0000] {processor.py:914} INFO - Processing file /home/airflow/.local/lib/python3.12/site-packages/airflow/example_dags/example_python_operator.py for tasks to queue
[2024-11-25T08:08:10.827+0000] {logging_mixin.py:190} INFO - [2024-11-25T08:08:10.826+0000] {dagbag.py:588} INFO - Filling up the DagBag from /home/airflow/.local/lib/python3.12/site-packages/airflow/example_dags/example_python_operator.py
[2024-11-25T08:08:10.884+0000] {processor.py:925} INFO - DAG(s) 'example_python_operator' retrieved from /home/airflow/.local/lib/python3.12/site-packages/airflow/example_dags/example_python_operator.py
[2024-11-25T08:08:11.393+0000] {logging_mixin.py:190} INFO - [2024-11-25T08:08:11.392+0000] {dag.py:3239} INFO - Sync 1 DAGs
[2024-11-25T08:08:11.467+0000] {logging_mixin.py:190} INFO - [2024-11-25T08:08:11.466+0000] {dag.py:4180} INFO - Setting next_dagrun for example_python_operator to None, run_after=None
[2024-11-25T08:08:11.566+0000] {processor.py:208} INFO - Processing /home/airflow/.local/lib/python3.12/site-packages/airflow/example_dags/example_python_operator.py took 0.772 seconds
[2024-11-25T08:08:27.712+0000] {processor.py:186} INFO - Started process (PID=147) to work on /home/airflow/.local/lib/python3.12/site-packages/airflow/example_dags/example_python_operator.py
[2024-11-25T08:08:27.714+0000] {processor.py:914} INFO - Processing file /home/airflow/.local/lib/python3.12/site-packages/airflow/example_dags/example_python_operator.py for tasks to queue
[2024-11-25T08:08:27.717+0000] {logging_mixin.py:190} INFO - [2024-11-25T08:08:27.716+0000] {dagbag.py:588} INFO - Filling up the DagBag from /home/airflow/.local/lib/python3.12/site-packages/airflow/example_dags/example_python_operator.py
[2024-11-25T08:08:27.734+0000] {processor.py:925} INFO - DAG(s) 'example_python_operator' retrieved from /home/airflow/.local/lib/python3.12/site-packages/airflow/example_dags/example_python_operator.py
[2024-11-25T08:08:27.762+0000] {logging_mixin.py:190} INFO - [2024-11-25T08:08:27.761+0000] {dag.py:3239} INFO - Sync 1 DAGs
[2024-11-25T08:08:27.783+0000] {logging_mixin.py:190} INFO - [2024-11-25T08:08:27.782+0000] {dag.py:4180} INFO - Setting next_dagrun for example_python_operator to None, run_after=None
[2024-11-25T08:08:27.818+0000] {processor.py:208} INFO - Processing /home/airflow/.local/lib/python3.12/site-packages/airflow/example_dags/example_python_operator.py took 0.115 seconds
[2024-11-25T08:08:59.168+0000] {processor.py:186} INFO - Started process (PID=207) to work on /home/airflow/.local/lib/python3.12/site-packages/airflow/example_dags/example_python_operator.py
[2024-11-25T08:08:59.169+0000] {processor.py:914} INFO - Processing file /home/airflow/.local/lib/python3.12/site-packages/airflow/example_dags/example_python_operator.py for tasks to queue
[2024-11-25T08:08:59.173+0000] {logging_mixin.py:190} INFO - [2024-11-25T08:08:59.173+0000] {dagbag.py:588} INFO - Filling up the DagBag from /home/airflow/.local/lib/python3.12/site-packages/airflow/example_dags/example_python_operator.py
[2024-11-25T08:08:59.191+0000] {processor.py:925} INFO - DAG(s) 'example_python_operator' retrieved from /home/airflow/.local/lib/python3.12/site-packages/airflow/example_dags/example_python_operator.py
[2024-11-25T08:08:59.233+0000] {logging_mixin.py:190} INFO - [2024-11-25T08:08:59.233+0000] {dag.py:3239} INFO - Sync 1 DAGs
[2024-11-25T08:08:59.260+0000] {logging_mixin.py:190} INFO - [2024-11-25T08:08:59.259+0000] {dag.py:4180} INFO - Setting next_dagrun for example_python_operator to None, run_after=None
[2024-11-25T08:08:59.294+0000] {processor.py:208} INFO - Processing /home/airflow/.local/lib/python3.12/site-packages/airflow/example_dags/example_python_operator.py took 0.138 seconds
[2024-11-25T08:09:07.726+0000] {processor.py:186} INFO - Started process (PID=262) to work on /home/airflow/.local/lib/python3.12/site-packages/airflow/example_dags/example_python_operator.py
[2024-11-25T08:09:07.727+0000] {processor.py:914} INFO - Processing file /home/airflow/.local/lib/python3.12/site-packages/airflow/example_dags/example_python_operator.py for tasks to queue
[2024-11-25T08:09:07.731+0000] {logging_mixin.py:190} INFO - [2024-11-25T08:09:07.730+0000] {dagbag.py:588} INFO - Filling up the DagBag from /home/airflow/.local/lib/python3.12/site-packages/airflow/example_dags/example_python_operator.py
[2024-11-25T08:09:07.749+0000] {processor.py:925} INFO - DAG(s) 'example_python_operator' retrieved from /home/airflow/.local/lib/python3.12/site-packages/airflow/example_dags/example_python_operator.py
[2024-11-25T08:09:07.778+0000] {logging_mixin.py:190} INFO - [2024-11-25T08:09:07.778+0000] {dag.py:3239} INFO - Sync 1 DAGs
[2024-11-25T08:09:07.797+0000] {logging_mixin.py:190} INFO - [2024-11-25T08:09:07.797+0000] {dag.py:4180} INFO - Setting next_dagrun for example_python_operator to None, run_after=None
[2024-11-25T08:09:07.822+0000] {processor.py:208} INFO - Processing /home/airflow/.local/lib/python3.12/site-packages/airflow/example_dags/example_python_operator.py took 0.106 seconds
[2024-11-25T08:09:38.850+0000] {processor.py:186} INFO - Started process (PID=323) to work on /home/airflow/.local/lib/python3.12/site-packages/airflow/example_dags/example_python_operator.py
[2024-11-25T08:09:38.851+0000] {processor.py:914} INFO - Processing file /home/airflow/.local/lib/python3.12/site-packages/airflow/example_dags/example_python_operator.py for tasks to queue
[2024-11-25T08:09:38.855+0000] {logging_mixin.py:190} INFO - [2024-11-25T08:09:38.854+0000] {dagbag.py:588} INFO - Filling up the DagBag from /home/airflow/.local/lib/python3.12/site-packages/airflow/example_dags/example_python_operator.py
[2024-11-25T08:09:38.876+0000] {processor.py:925} INFO - DAG(s) 'example_python_operator' retrieved from /home/airflow/.local/lib/python3.12/site-packages/airflow/example_dags/example_python_operator.py
[2024-11-25T08:09:38.929+0000] {logging_mixin.py:190} INFO - [2024-11-25T08:09:38.929+0000] {dag.py:3239} INFO - Sync 1 DAGs
[2024-11-25T08:09:38.957+0000] {logging_mixin.py:190} INFO - [2024-11-25T08:09:38.956+0000] {dag.py:4180} INFO - Setting next_dagrun for example_python_operator to None, run_after=None
[2024-11-25T08:09:39.009+0000] {processor.py:208} INFO - Processing /home/airflow/.local/lib/python3.12/site-packages/airflow/example_dags/example_python_operator.py took 0.170 seconds
[2024-11-25T08:10:10.435+0000] {processor.py:186} INFO - Started process (PID=390) to work on /home/airflow/.local/lib/python3.12/site-packages/airflow/example_dags/example_python_operator.py
[2024-11-25T08:10:10.442+0000] {processor.py:914} INFO - Processing file /home/airflow/.local/lib/python3.12/site-packages/airflow/example_dags/example_python_operator.py for tasks to queue
[2024-11-25T08:10:10.454+0000] {logging_mixin.py:190} INFO - [2024-11-25T08:10:10.452+0000] {dagbag.py:588} INFO - Filling up the DagBag from /home/airflow/.local/lib/python3.12/site-packages/airflow/example_dags/example_python_operator.py
[2024-11-25T08:10:10.490+0000] {processor.py:925} INFO - DAG(s) 'example_python_operator' retrieved from /home/airflow/.local/lib/python3.12/site-packages/airflow/example_dags/example_python_operator.py
[2024-11-25T08:11:34.765+0000] {logging_mixin.py:190} INFO - [2024-11-25T08:11:34.764+0000] {dag.py:3239} INFO - Sync 1 DAGs
[2024-11-25T08:11:34.812+0000] {logging_mixin.py:190} INFO - [2024-11-25T08:11:34.811+0000] {dag.py:4180} INFO - Setting next_dagrun for example_python_operator to None, run_after=None
[2024-11-25T08:11:34.867+0000] {processor.py:208} INFO - Processing /home/airflow/.local/lib/python3.12/site-packages/airflow/example_dags/example_python_operator.py took 0.240 seconds
