[2024-11-25T08:08:03.691+0000] {processor.py:186} INFO - Started process (PID=75) to work on /home/airflow/.local/lib/python3.12/site-packages/airflow/example_dags/example_datasets.py
[2024-11-25T08:08:03.698+0000] {processor.py:914} INFO - Processing file /home/airflow/.local/lib/python3.12/site-packages/airflow/example_dags/example_datasets.py for tasks to queue
[2024-11-25T08:08:03.703+0000] {logging_mixin.py:190} INFO - [2024-11-25T08:08:03.702+0000] {dagbag.py:588} INFO - Filling up the DagBag from /home/airflow/.local/lib/python3.12/site-packages/airflow/example_dags/example_datasets.py
[2024-11-25T08:08:56.510+0000] {processor.py:186} INFO - Started process (PID=195) to work on /home/airflow/.local/lib/python3.12/site-packages/airflow/example_dags/example_datasets.py
[2024-11-25T08:08:56.513+0000] {processor.py:914} INFO - Processing file /home/airflow/.local/lib/python3.12/site-packages/airflow/example_dags/example_datasets.py for tasks to queue
[2024-11-25T08:08:56.516+0000] {logging_mixin.py:190} INFO - [2024-11-25T08:08:56.516+0000] {dagbag.py:588} INFO - Filling up the DagBag from /home/airflow/.local/lib/python3.12/site-packages/airflow/example_dags/example_datasets.py
[2024-11-25T08:08:57.890+0000] {processor.py:925} INFO - DAG(s) 'dataset_consumes_1_never_scheduled', 'conditional_dataset_and_time_based_timetable', 'dataset_consumes_unknown_never_scheduled', 'dataset_produces_2', 'consume_1_or_both_2_and_3_with_dataset_expressions', 'dataset_consumes_1_and_2', 'dataset_consumes_1', 'consume_1_or_2_with_dataset_expressions', 'dataset_produces_1', 'consume_1_and_2_with_dataset_expressions' retrieved from /home/airflow/.local/lib/python3.12/site-packages/airflow/example_dags/example_datasets.py
[2024-11-25T08:08:58.591+0000] {logging_mixin.py:190} INFO - [2024-11-25T08:08:58.591+0000] {dag.py:3239} INFO - Sync 10 DAGs
[2024-11-25T08:08:58.651+0000] {logging_mixin.py:190} INFO - [2024-11-25T08:08:58.650+0000] {dag.py:4180} INFO - Setting next_dagrun for conditional_dataset_and_time_based_timetable to 2024-11-20 01:00:00+00:00, run_after=2024-11-20 01:00:00+00:00
[2024-11-25T08:08:58.660+0000] {logging_mixin.py:190} INFO - [2024-11-25T08:08:58.659+0000] {dag.py:4180} INFO - Setting next_dagrun for consume_1_and_2_with_dataset_expressions to None, run_after=None
[2024-11-25T08:08:58.663+0000] {logging_mixin.py:190} INFO - [2024-11-25T08:08:58.662+0000] {dag.py:4180} INFO - Setting next_dagrun for consume_1_or_2_with_dataset_expressions to None, run_after=None
[2024-11-25T08:08:58.667+0000] {logging_mixin.py:190} INFO - [2024-11-25T08:08:58.666+0000] {dag.py:4180} INFO - Setting next_dagrun for consume_1_or_both_2_and_3_with_dataset_expressions to None, run_after=None
[2024-11-25T08:08:58.670+0000] {logging_mixin.py:190} INFO - [2024-11-25T08:08:58.669+0000] {dag.py:4180} INFO - Setting next_dagrun for dataset_consumes_1 to None, run_after=None
[2024-11-25T08:08:58.673+0000] {logging_mixin.py:190} INFO - [2024-11-25T08:08:58.673+0000] {dag.py:4180} INFO - Setting next_dagrun for dataset_consumes_1_and_2 to None, run_after=None
[2024-11-25T08:08:58.677+0000] {logging_mixin.py:190} INFO - [2024-11-25T08:08:58.677+0000] {dag.py:4180} INFO - Setting next_dagrun for dataset_consumes_1_never_scheduled to None, run_after=None
[2024-11-25T08:08:58.680+0000] {logging_mixin.py:190} INFO - [2024-11-25T08:08:58.680+0000] {dag.py:4180} INFO - Setting next_dagrun for dataset_consumes_unknown_never_scheduled to None, run_after=None
[2024-11-25T08:08:58.686+0000] {logging_mixin.py:190} INFO - [2024-11-25T08:08:58.686+0000] {dag.py:4180} INFO - Setting next_dagrun for dataset_produces_1 to 2024-11-24 00:00:00+00:00, run_after=2024-11-25 00:00:00+00:00
[2024-11-25T08:08:58.689+0000] {logging_mixin.py:190} INFO - [2024-11-25T08:08:58.689+0000] {dag.py:4180} INFO - Setting next_dagrun for dataset_produces_2 to None, run_after=None
[2024-11-25T08:08:58.799+0000] {processor.py:208} INFO - Processing /home/airflow/.local/lib/python3.12/site-packages/airflow/example_dags/example_datasets.py took 2.298 seconds
[2024-11-25T08:09:05.971+0000] {processor.py:186} INFO - Started process (PID=250) to work on /home/airflow/.local/lib/python3.12/site-packages/airflow/example_dags/example_datasets.py
[2024-11-25T08:09:05.972+0000] {processor.py:914} INFO - Processing file /home/airflow/.local/lib/python3.12/site-packages/airflow/example_dags/example_datasets.py for tasks to queue
[2024-11-25T08:09:05.974+0000] {logging_mixin.py:190} INFO - [2024-11-25T08:09:05.974+0000] {dagbag.py:588} INFO - Filling up the DagBag from /home/airflow/.local/lib/python3.12/site-packages/airflow/example_dags/example_datasets.py
[2024-11-25T08:09:06.899+0000] {processor.py:925} INFO - DAG(s) 'consume_1_and_2_with_dataset_expressions', 'dataset_consumes_1_and_2', 'conditional_dataset_and_time_based_timetable', 'dataset_consumes_1_never_scheduled', 'consume_1_or_2_with_dataset_expressions', 'consume_1_or_both_2_and_3_with_dataset_expressions', 'dataset_produces_2', 'dataset_consumes_unknown_never_scheduled', 'dataset_produces_1', 'dataset_consumes_1' retrieved from /home/airflow/.local/lib/python3.12/site-packages/airflow/example_dags/example_datasets.py
[2024-11-25T08:09:06.937+0000] {logging_mixin.py:190} INFO - [2024-11-25T08:09:06.937+0000] {dag.py:3239} INFO - Sync 10 DAGs
[2024-11-25T08:09:06.975+0000] {logging_mixin.py:190} INFO - [2024-11-25T08:09:06.975+0000] {dag.py:4180} INFO - Setting next_dagrun for conditional_dataset_and_time_based_timetable to 2024-11-20 01:00:00+00:00, run_after=2024-11-20 01:00:00+00:00
[2024-11-25T08:09:06.980+0000] {logging_mixin.py:190} INFO - [2024-11-25T08:09:06.980+0000] {dag.py:4180} INFO - Setting next_dagrun for consume_1_and_2_with_dataset_expressions to None, run_after=None
[2024-11-25T08:09:06.983+0000] {logging_mixin.py:190} INFO - [2024-11-25T08:09:06.982+0000] {dag.py:4180} INFO - Setting next_dagrun for consume_1_or_2_with_dataset_expressions to None, run_after=None
[2024-11-25T08:09:06.985+0000] {logging_mixin.py:190} INFO - [2024-11-25T08:09:06.985+0000] {dag.py:4180} INFO - Setting next_dagrun for consume_1_or_both_2_and_3_with_dataset_expressions to None, run_after=None
[2024-11-25T08:09:06.987+0000] {logging_mixin.py:190} INFO - [2024-11-25T08:09:06.987+0000] {dag.py:4180} INFO - Setting next_dagrun for dataset_consumes_1 to None, run_after=None
[2024-11-25T08:09:06.990+0000] {logging_mixin.py:190} INFO - [2024-11-25T08:09:06.989+0000] {dag.py:4180} INFO - Setting next_dagrun for dataset_consumes_1_and_2 to None, run_after=None
[2024-11-25T08:09:06.992+0000] {logging_mixin.py:190} INFO - [2024-11-25T08:09:06.992+0000] {dag.py:4180} INFO - Setting next_dagrun for dataset_consumes_1_never_scheduled to None, run_after=None
[2024-11-25T08:09:06.995+0000] {logging_mixin.py:190} INFO - [2024-11-25T08:09:06.994+0000] {dag.py:4180} INFO - Setting next_dagrun for dataset_consumes_unknown_never_scheduled to None, run_after=None
[2024-11-25T08:09:06.999+0000] {logging_mixin.py:190} INFO - [2024-11-25T08:09:06.998+0000] {dag.py:4180} INFO - Setting next_dagrun for dataset_produces_1 to 2024-11-24 00:00:00+00:00, run_after=2024-11-25 00:00:00+00:00
[2024-11-25T08:09:07.002+0000] {logging_mixin.py:190} INFO - [2024-11-25T08:09:07.001+0000] {dag.py:4180} INFO - Setting next_dagrun for dataset_produces_2 to None, run_after=None
[2024-11-25T08:09:07.058+0000] {processor.py:208} INFO - Processing /home/airflow/.local/lib/python3.12/site-packages/airflow/example_dags/example_datasets.py took 1.094 seconds
[2024-11-25T08:09:37.474+0000] {processor.py:186} INFO - Started process (PID=315) to work on /home/airflow/.local/lib/python3.12/site-packages/airflow/example_dags/example_datasets.py
[2024-11-25T08:09:37.476+0000] {processor.py:914} INFO - Processing file /home/airflow/.local/lib/python3.12/site-packages/airflow/example_dags/example_datasets.py for tasks to queue
[2024-11-25T08:09:37.479+0000] {logging_mixin.py:190} INFO - [2024-11-25T08:09:37.479+0000] {dagbag.py:588} INFO - Filling up the DagBag from /home/airflow/.local/lib/python3.12/site-packages/airflow/example_dags/example_datasets.py
[2024-11-25T08:09:38.559+0000] {processor.py:925} INFO - DAG(s) 'dataset_produces_2', 'consume_1_and_2_with_dataset_expressions', 'dataset_consumes_1_never_scheduled', 'dataset_produces_1', 'consume_1_or_2_with_dataset_expressions', 'dataset_consumes_unknown_never_scheduled', 'consume_1_or_both_2_and_3_with_dataset_expressions', 'dataset_consumes_1_and_2', 'dataset_consumes_1', 'conditional_dataset_and_time_based_timetable' retrieved from /home/airflow/.local/lib/python3.12/site-packages/airflow/example_dags/example_datasets.py
[2024-11-25T08:09:38.629+0000] {logging_mixin.py:190} INFO - [2024-11-25T08:09:38.628+0000] {dag.py:3239} INFO - Sync 10 DAGs
[2024-11-25T08:09:38.666+0000] {logging_mixin.py:190} INFO - [2024-11-25T08:09:38.666+0000] {dag.py:4180} INFO - Setting next_dagrun for conditional_dataset_and_time_based_timetable to 2024-11-20 01:00:00+00:00, run_after=2024-11-20 01:00:00+00:00
[2024-11-25T08:09:38.672+0000] {logging_mixin.py:190} INFO - [2024-11-25T08:09:38.672+0000] {dag.py:4180} INFO - Setting next_dagrun for consume_1_and_2_with_dataset_expressions to None, run_after=None
[2024-11-25T08:09:38.674+0000] {logging_mixin.py:190} INFO - [2024-11-25T08:09:38.674+0000] {dag.py:4180} INFO - Setting next_dagrun for consume_1_or_2_with_dataset_expressions to None, run_after=None
[2024-11-25T08:09:38.677+0000] {logging_mixin.py:190} INFO - [2024-11-25T08:09:38.676+0000] {dag.py:4180} INFO - Setting next_dagrun for consume_1_or_both_2_and_3_with_dataset_expressions to None, run_after=None
[2024-11-25T08:09:38.679+0000] {logging_mixin.py:190} INFO - [2024-11-25T08:09:38.679+0000] {dag.py:4180} INFO - Setting next_dagrun for dataset_consumes_1 to None, run_after=None
[2024-11-25T08:09:38.682+0000] {logging_mixin.py:190} INFO - [2024-11-25T08:09:38.682+0000] {dag.py:4180} INFO - Setting next_dagrun for dataset_consumes_1_and_2 to None, run_after=None
[2024-11-25T08:09:38.684+0000] {logging_mixin.py:190} INFO - [2024-11-25T08:09:38.684+0000] {dag.py:4180} INFO - Setting next_dagrun for dataset_consumes_1_never_scheduled to None, run_after=None
[2024-11-25T08:09:38.686+0000] {logging_mixin.py:190} INFO - [2024-11-25T08:09:38.686+0000] {dag.py:4180} INFO - Setting next_dagrun for dataset_consumes_unknown_never_scheduled to None, run_after=None
[2024-11-25T08:09:38.690+0000] {logging_mixin.py:190} INFO - [2024-11-25T08:09:38.690+0000] {dag.py:4180} INFO - Setting next_dagrun for dataset_produces_1 to 2024-11-24 00:00:00+00:00, run_after=2024-11-25 00:00:00+00:00
[2024-11-25T08:09:38.693+0000] {logging_mixin.py:190} INFO - [2024-11-25T08:09:38.692+0000] {dag.py:4180} INFO - Setting next_dagrun for dataset_produces_2 to None, run_after=None
[2024-11-25T08:09:38.763+0000] {processor.py:208} INFO - Processing /home/airflow/.local/lib/python3.12/site-packages/airflow/example_dags/example_datasets.py took 1.297 seconds
[2024-11-25T08:10:08.902+0000] {processor.py:186} INFO - Started process (PID=382) to work on /home/airflow/.local/lib/python3.12/site-packages/airflow/example_dags/example_datasets.py
[2024-11-25T08:10:08.903+0000] {processor.py:914} INFO - Processing file /home/airflow/.local/lib/python3.12/site-packages/airflow/example_dags/example_datasets.py for tasks to queue
[2024-11-25T08:10:08.906+0000] {logging_mixin.py:190} INFO - [2024-11-25T08:10:08.905+0000] {dagbag.py:588} INFO - Filling up the DagBag from /home/airflow/.local/lib/python3.12/site-packages/airflow/example_dags/example_datasets.py
[2024-11-25T08:10:10.334+0000] {processor.py:925} INFO - DAG(s) 'dataset_consumes_1', 'dataset_produces_2', 'consume_1_or_2_with_dataset_expressions', 'conditional_dataset_and_time_based_timetable', 'dataset_produces_1', 'dataset_consumes_unknown_never_scheduled', 'consume_1_or_both_2_and_3_with_dataset_expressions', 'consume_1_and_2_with_dataset_expressions', 'dataset_consumes_1_never_scheduled', 'dataset_consumes_1_and_2' retrieved from /home/airflow/.local/lib/python3.12/site-packages/airflow/example_dags/example_datasets.py
[2024-11-25T08:10:10.466+0000] {logging_mixin.py:190} INFO - [2024-11-25T08:10:10.465+0000] {dag.py:3239} INFO - Sync 10 DAGs
[2024-11-25T08:11:34.753+0000] {logging_mixin.py:190} INFO - [2024-11-25T08:11:34.752+0000] {dag.py:4180} INFO - Setting next_dagrun for conditional_dataset_and_time_based_timetable to 2024-11-20 01:00:00+00:00, run_after=2024-11-20 01:00:00+00:00
[2024-11-25T08:11:34.762+0000] {logging_mixin.py:190} INFO - [2024-11-25T08:11:34.761+0000] {dag.py:4180} INFO - Setting next_dagrun for consume_1_and_2_with_dataset_expressions to None, run_after=None
[2024-11-25T08:11:34.765+0000] {logging_mixin.py:190} INFO - [2024-11-25T08:11:34.765+0000] {dag.py:4180} INFO - Setting next_dagrun for consume_1_or_2_with_dataset_expressions to None, run_after=None
[2024-11-25T08:11:34.768+0000] {logging_mixin.py:190} INFO - [2024-11-25T08:11:34.768+0000] {dag.py:4180} INFO - Setting next_dagrun for consume_1_or_both_2_and_3_with_dataset_expressions to None, run_after=None
[2024-11-25T08:11:34.771+0000] {logging_mixin.py:190} INFO - [2024-11-25T08:11:34.771+0000] {dag.py:4180} INFO - Setting next_dagrun for dataset_consumes_1 to None, run_after=None
[2024-11-25T08:11:34.774+0000] {logging_mixin.py:190} INFO - [2024-11-25T08:11:34.773+0000] {dag.py:4180} INFO - Setting next_dagrun for dataset_consumes_1_and_2 to None, run_after=None
[2024-11-25T08:11:34.778+0000] {logging_mixin.py:190} INFO - [2024-11-25T08:11:34.778+0000] {dag.py:4180} INFO - Setting next_dagrun for dataset_consumes_1_never_scheduled to None, run_after=None
[2024-11-25T08:11:34.782+0000] {logging_mixin.py:190} INFO - [2024-11-25T08:11:34.782+0000] {dag.py:4180} INFO - Setting next_dagrun for dataset_consumes_unknown_never_scheduled to None, run_after=None
[2024-11-25T08:11:34.789+0000] {logging_mixin.py:190} INFO - [2024-11-25T08:11:34.789+0000] {dag.py:4180} INFO - Setting next_dagrun for dataset_produces_1 to 2024-11-24 00:00:00+00:00, run_after=2024-11-25 00:00:00+00:00
[2024-11-25T08:11:34.793+0000] {logging_mixin.py:190} INFO - [2024-11-25T08:11:34.792+0000] {dag.py:4180} INFO - Setting next_dagrun for dataset_produces_2 to None, run_after=None
[2024-11-25T08:11:34.885+0000] {processor.py:208} INFO - Processing /home/airflow/.local/lib/python3.12/site-packages/airflow/example_dags/example_datasets.py took 1.788 seconds
