[2024-11-25T08:08:20.707+0000] {processor.py:186} INFO - Started process (PID=121) to work on /home/airflow/.local/lib/python3.12/site-packages/airflow/example_dags/example_task_group.py
[2024-11-25T08:08:20.709+0000] {processor.py:914} INFO - Processing file /home/airflow/.local/lib/python3.12/site-packages/airflow/example_dags/example_task_group.py for tasks to queue
[2024-11-25T08:08:20.717+0000] {logging_mixin.py:190} INFO - [2024-11-25T08:08:20.716+0000] {dagbag.py:588} INFO - Filling up the DagBag from /home/airflow/.local/lib/python3.12/site-packages/airflow/example_dags/example_task_group.py
[2024-11-25T08:08:20.748+0000] {processor.py:925} INFO - DAG(s) 'example_task_group' retrieved from /home/airflow/.local/lib/python3.12/site-packages/airflow/example_dags/example_task_group.py
[2024-11-25T08:08:20.900+0000] {logging_mixin.py:190} INFO - [2024-11-25T08:08:20.899+0000] {dag.py:3239} INFO - Sync 1 DAGs
[2024-11-25T08:08:20.947+0000] {logging_mixin.py:190} INFO - [2024-11-25T08:08:20.947+0000] {dag.py:4180} INFO - Setting next_dagrun for example_task_group to None, run_after=None
[2024-11-25T08:08:21.033+0000] {processor.py:208} INFO - Processing /home/airflow/.local/lib/python3.12/site-packages/airflow/example_dags/example_task_group.py took 0.339 seconds
[2024-11-25T08:08:30.297+0000] {processor.py:186} INFO - Started process (PID=172) to work on /home/airflow/.local/lib/python3.12/site-packages/airflow/example_dags/example_task_group.py
[2024-11-25T08:08:30.298+0000] {processor.py:914} INFO - Processing file /home/airflow/.local/lib/python3.12/site-packages/airflow/example_dags/example_task_group.py for tasks to queue
[2024-11-25T08:08:30.302+0000] {logging_mixin.py:190} INFO - [2024-11-25T08:08:30.301+0000] {dagbag.py:588} INFO - Filling up the DagBag from /home/airflow/.local/lib/python3.12/site-packages/airflow/example_dags/example_task_group.py
[2024-11-25T08:08:30.315+0000] {processor.py:925} INFO - DAG(s) 'example_task_group' retrieved from /home/airflow/.local/lib/python3.12/site-packages/airflow/example_dags/example_task_group.py
[2024-11-25T08:08:30.344+0000] {logging_mixin.py:190} INFO - [2024-11-25T08:08:30.344+0000] {dag.py:3239} INFO - Sync 1 DAGs
[2024-11-25T08:09:54.567+0000] {logging_mixin.py:190} INFO - [2024-11-25T08:09:54.566+0000] {dag.py:4180} INFO - Setting next_dagrun for example_task_group to None, run_after=None
[2024-11-25T08:09:54.593+0000] {processor.py:208} INFO - Processing /home/airflow/.local/lib/python3.12/site-packages/airflow/example_dags/example_task_group.py took 0.101 seconds
[2024-11-25T08:09:11.146+0000] {processor.py:186} INFO - Started process (PID=295) to work on /home/airflow/.local/lib/python3.12/site-packages/airflow/example_dags/example_task_group.py
[2024-11-25T08:09:11.147+0000] {processor.py:914} INFO - Processing file /home/airflow/.local/lib/python3.12/site-packages/airflow/example_dags/example_task_group.py for tasks to queue
[2024-11-25T08:09:11.150+0000] {logging_mixin.py:190} INFO - [2024-11-25T08:09:11.149+0000] {dagbag.py:588} INFO - Filling up the DagBag from /home/airflow/.local/lib/python3.12/site-packages/airflow/example_dags/example_task_group.py
[2024-11-25T08:09:11.163+0000] {processor.py:925} INFO - DAG(s) 'example_task_group' retrieved from /home/airflow/.local/lib/python3.12/site-packages/airflow/example_dags/example_task_group.py
[2024-11-25T08:09:11.191+0000] {logging_mixin.py:190} INFO - [2024-11-25T08:09:11.191+0000] {dag.py:3239} INFO - Sync 1 DAGs
[2024-11-25T08:09:11.212+0000] {logging_mixin.py:190} INFO - [2024-11-25T08:09:11.212+0000] {dag.py:4180} INFO - Setting next_dagrun for example_task_group to None, run_after=None
[2024-11-25T08:09:11.251+0000] {processor.py:208} INFO - Processing /home/airflow/.local/lib/python3.12/site-packages/airflow/example_dags/example_task_group.py took 0.113 seconds
[2024-11-25T08:11:09.735+0000] {processor.py:186} INFO - Started process (PID=356) to work on /home/airflow/.local/lib/python3.12/site-packages/airflow/example_dags/example_task_group.py
[2024-11-25T08:11:09.737+0000] {processor.py:914} INFO - Processing file /home/airflow/.local/lib/python3.12/site-packages/airflow/example_dags/example_task_group.py for tasks to queue
[2024-11-25T08:11:09.741+0000] {logging_mixin.py:190} INFO - [2024-11-25T08:11:09.741+0000] {dagbag.py:588} INFO - Filling up the DagBag from /home/airflow/.local/lib/python3.12/site-packages/airflow/example_dags/example_task_group.py
[2024-11-25T08:11:09.792+0000] {processor.py:925} INFO - DAG(s) 'example_task_group' retrieved from /home/airflow/.local/lib/python3.12/site-packages/airflow/example_dags/example_task_group.py
[2024-11-25T08:11:09.833+0000] {logging_mixin.py:190} INFO - [2024-11-25T08:11:09.832+0000] {dag.py:3239} INFO - Sync 1 DAGs
[2024-11-25T08:11:09.857+0000] {logging_mixin.py:190} INFO - [2024-11-25T08:11:09.857+0000] {dag.py:4180} INFO - Setting next_dagrun for example_task_group to None, run_after=None
[2024-11-25T08:11:09.894+0000] {processor.py:208} INFO - Processing /home/airflow/.local/lib/python3.12/site-packages/airflow/example_dags/example_task_group.py took 0.174 seconds
