[2024-11-25T08:08:21.568+0000] {processor.py:186} INFO - Started process (PID=124) to work on /home/airflow/.local/lib/python3.12/site-packages/airflow/example_dags/example_subdag_operator.py
[2024-11-25T08:08:21.580+0000] {processor.py:914} INFO - Processing file /home/airflow/.local/lib/python3.12/site-packages/airflow/example_dags/example_subdag_operator.py for tasks to queue
[2024-11-25T08:08:21.586+0000] {logging_mixin.py:190} INFO - [2024-11-25T08:08:21.585+0000] {dagbag.py:588} INFO - Filling up the DagBag from /home/airflow/.local/lib/python3.12/site-packages/airflow/example_dags/example_subdag_operator.py
[2024-11-25T08:08:21.685+0000] {processor.py:925} INFO - DAG(s) 'example_subdag_operator.section-1', 'example_subdag_operator.section-2', 'example_subdag_operator' retrieved from /home/airflow/.local/lib/python3.12/site-packages/airflow/example_dags/example_subdag_operator.py
[2024-11-25T08:08:21.755+0000] {logging_mixin.py:190} INFO - [2024-11-25T08:08:21.754+0000] {dag.py:3239} INFO - Sync 3 DAGs
[2024-11-25T08:08:21.852+0000] {logging_mixin.py:190} INFO - [2024-11-25T08:08:21.851+0000] {dag.py:4180} INFO - Setting next_dagrun for example_subdag_operator to 2022-01-01 00:00:00+00:00, run_after=2022-01-01 00:00:00+00:00
[2024-11-25T08:08:21.865+0000] {logging_mixin.py:190} INFO - [2024-11-25T08:08:21.865+0000] {dag.py:4180} INFO - Setting next_dagrun for example_subdag_operator.section-1 to None, run_after=None
[2024-11-25T08:08:21.869+0000] {logging_mixin.py:190} INFO - [2024-11-25T08:08:21.868+0000] {dag.py:4180} INFO - Setting next_dagrun for example_subdag_operator.section-2 to None, run_after=None
[2024-11-25T08:08:21.905+0000] {logging_mixin.py:190} INFO - [2024-11-25T08:08:21.905+0000] {dag.py:3239} INFO - Sync 2 DAGs
[2024-11-25T08:08:21.923+0000] {logging_mixin.py:190} INFO - [2024-11-25T08:08:21.923+0000] {dag.py:4180} INFO - Setting next_dagrun for example_subdag_operator.section-1 to None, run_after=None
[2024-11-25T08:08:21.924+0000] {logging_mixin.py:190} INFO - [2024-11-25T08:08:21.924+0000] {dag.py:4180} INFO - Setting next_dagrun for example_subdag_operator.section-2 to None, run_after=None
[2024-11-25T08:08:21.969+0000] {processor.py:208} INFO - Processing /home/airflow/.local/lib/python3.12/site-packages/airflow/example_dags/example_subdag_operator.py took 0.421 seconds
[2024-11-25T08:09:54.664+0000] {processor.py:186} INFO - Started process (PID=175) to work on /home/airflow/.local/lib/python3.12/site-packages/airflow/example_dags/example_subdag_operator.py
[2024-11-25T08:09:54.665+0000] {processor.py:914} INFO - Processing file /home/airflow/.local/lib/python3.12/site-packages/airflow/example_dags/example_subdag_operator.py for tasks to queue
[2024-11-25T08:09:54.667+0000] {logging_mixin.py:190} INFO - [2024-11-25T08:09:54.667+0000] {dagbag.py:588} INFO - Filling up the DagBag from /home/airflow/.local/lib/python3.12/site-packages/airflow/example_dags/example_subdag_operator.py
[2024-11-25T08:09:54.704+0000] {processor.py:925} INFO - DAG(s) 'example_subdag_operator.section-1', 'example_subdag_operator.section-2', 'example_subdag_operator' retrieved from /home/airflow/.local/lib/python3.12/site-packages/airflow/example_dags/example_subdag_operator.py
[2024-11-25T08:09:54.725+0000] {logging_mixin.py:190} INFO - [2024-11-25T08:09:54.725+0000] {dag.py:3239} INFO - Sync 3 DAGs
[2024-11-25T08:09:54.758+0000] {logging_mixin.py:190} INFO - [2024-11-25T08:09:54.757+0000] {dag.py:4180} INFO - Setting next_dagrun for example_subdag_operator to 2022-01-01 00:00:00+00:00, run_after=2022-01-01 00:00:00+00:00
[2024-11-25T08:09:54.765+0000] {logging_mixin.py:190} INFO - [2024-11-25T08:09:54.764+0000] {dag.py:4180} INFO - Setting next_dagrun for example_subdag_operator.section-1 to None, run_after=None
[2024-11-25T08:09:54.768+0000] {logging_mixin.py:190} INFO - [2024-11-25T08:09:54.768+0000] {dag.py:4180} INFO - Setting next_dagrun for example_subdag_operator.section-2 to None, run_after=None
[2024-11-25T08:08:30.581+0000] {logging_mixin.py:190} INFO - [2024-11-25T08:08:30.580+0000] {dag.py:3239} INFO - Sync 2 DAGs
[2024-11-25T08:08:30.590+0000] {logging_mixin.py:190} INFO - [2024-11-25T08:08:30.590+0000] {dag.py:4180} INFO - Setting next_dagrun for example_subdag_operator.section-1 to None, run_after=None
[2024-11-25T08:08:30.594+0000] {logging_mixin.py:190} INFO - [2024-11-25T08:08:30.594+0000] {dag.py:4180} INFO - Setting next_dagrun for example_subdag_operator.section-2 to None, run_after=None
[2024-11-25T08:08:30.621+0000] {processor.py:208} INFO - Processing /home/airflow/.local/lib/python3.12/site-packages/airflow/example_dags/example_subdag_operator.py took 0.167 seconds
[2024-11-25T08:09:03.328+0000] {processor.py:186} INFO - Started process (PID=237) to work on /home/airflow/.local/lib/python3.12/site-packages/airflow/example_dags/example_subdag_operator.py
[2024-11-25T08:09:03.329+0000] {processor.py:914} INFO - Processing file /home/airflow/.local/lib/python3.12/site-packages/airflow/example_dags/example_subdag_operator.py for tasks to queue
[2024-11-25T08:09:03.332+0000] {logging_mixin.py:190} INFO - [2024-11-25T08:09:03.332+0000] {dagbag.py:588} INFO - Filling up the DagBag from /home/airflow/.local/lib/python3.12/site-packages/airflow/example_dags/example_subdag_operator.py
[2024-11-25T08:09:03.374+0000] {processor.py:925} INFO - DAG(s) 'example_subdag_operator.section-1', 'example_subdag_operator.section-2', 'example_subdag_operator' retrieved from /home/airflow/.local/lib/python3.12/site-packages/airflow/example_dags/example_subdag_operator.py
[2024-11-25T08:09:03.394+0000] {logging_mixin.py:190} INFO - [2024-11-25T08:09:03.393+0000] {dag.py:3239} INFO - Sync 3 DAGs
[2024-11-25T08:09:03.429+0000] {logging_mixin.py:190} INFO - [2024-11-25T08:09:03.428+0000] {dag.py:4180} INFO - Setting next_dagrun for example_subdag_operator to 2022-01-01 00:00:00+00:00, run_after=2022-01-01 00:00:00+00:00
[2024-11-25T08:09:03.433+0000] {logging_mixin.py:190} INFO - [2024-11-25T08:09:03.433+0000] {dag.py:4180} INFO - Setting next_dagrun for example_subdag_operator.section-1 to None, run_after=None
[2024-11-25T08:09:03.436+0000] {logging_mixin.py:190} INFO - [2024-11-25T08:09:03.436+0000] {dag.py:4180} INFO - Setting next_dagrun for example_subdag_operator.section-2 to None, run_after=None
[2024-11-25T08:09:03.445+0000] {logging_mixin.py:190} INFO - [2024-11-25T08:09:03.445+0000] {dag.py:3239} INFO - Sync 2 DAGs
[2024-11-25T08:09:03.453+0000] {logging_mixin.py:190} INFO - [2024-11-25T08:09:03.453+0000] {dag.py:4180} INFO - Setting next_dagrun for example_subdag_operator.section-1 to None, run_after=None
[2024-11-25T08:09:03.454+0000] {logging_mixin.py:190} INFO - [2024-11-25T08:09:03.454+0000] {dag.py:4180} INFO - Setting next_dagrun for example_subdag_operator.section-2 to None, run_after=None
[2024-11-25T08:09:03.470+0000] {processor.py:208} INFO - Processing /home/airflow/.local/lib/python3.12/site-packages/airflow/example_dags/example_subdag_operator.py took 0.150 seconds
[2024-11-25T08:09:11.403+0000] {processor.py:186} INFO - Started process (PID=298) to work on /home/airflow/.local/lib/python3.12/site-packages/airflow/example_dags/example_subdag_operator.py
[2024-11-25T08:09:11.404+0000] {processor.py:914} INFO - Processing file /home/airflow/.local/lib/python3.12/site-packages/airflow/example_dags/example_subdag_operator.py for tasks to queue
[2024-11-25T08:09:11.407+0000] {logging_mixin.py:190} INFO - [2024-11-25T08:09:11.406+0000] {dagbag.py:588} INFO - Filling up the DagBag from /home/airflow/.local/lib/python3.12/site-packages/airflow/example_dags/example_subdag_operator.py
[2024-11-25T08:09:11.447+0000] {processor.py:925} INFO - DAG(s) 'example_subdag_operator.section-1', 'example_subdag_operator.section-2', 'example_subdag_operator' retrieved from /home/airflow/.local/lib/python3.12/site-packages/airflow/example_dags/example_subdag_operator.py
[2024-11-25T08:09:11.468+0000] {logging_mixin.py:190} INFO - [2024-11-25T08:09:11.468+0000] {dag.py:3239} INFO - Sync 3 DAGs
[2024-11-25T08:09:11.501+0000] {logging_mixin.py:190} INFO - [2024-11-25T08:09:11.501+0000] {dag.py:4180} INFO - Setting next_dagrun for example_subdag_operator to 2022-01-01 00:00:00+00:00, run_after=2022-01-01 00:00:00+00:00
[2024-11-25T08:09:11.506+0000] {logging_mixin.py:190} INFO - [2024-11-25T08:09:11.506+0000] {dag.py:4180} INFO - Setting next_dagrun for example_subdag_operator.section-1 to None, run_after=None
[2024-11-25T08:09:11.509+0000] {logging_mixin.py:190} INFO - [2024-11-25T08:09:11.508+0000] {dag.py:4180} INFO - Setting next_dagrun for example_subdag_operator.section-2 to None, run_after=None
[2024-11-25T08:09:11.522+0000] {logging_mixin.py:190} INFO - [2024-11-25T08:09:11.521+0000] {dag.py:3239} INFO - Sync 2 DAGs
[2024-11-25T08:09:11.534+0000] {logging_mixin.py:190} INFO - [2024-11-25T08:09:11.534+0000] {dag.py:4180} INFO - Setting next_dagrun for example_subdag_operator.section-1 to None, run_after=None
[2024-11-25T08:09:11.535+0000] {logging_mixin.py:190} INFO - [2024-11-25T08:09:11.535+0000] {dag.py:4180} INFO - Setting next_dagrun for example_subdag_operator.section-2 to None, run_after=None
[2024-11-25T08:09:11.559+0000] {processor.py:208} INFO - Processing /home/airflow/.local/lib/python3.12/site-packages/airflow/example_dags/example_subdag_operator.py took 0.164 seconds
[2024-11-25T08:09:45.892+0000] {processor.py:186} INFO - Started process (PID=359) to work on /home/airflow/.local/lib/python3.12/site-packages/airflow/example_dags/example_subdag_operator.py
[2024-11-25T08:09:45.893+0000] {processor.py:914} INFO - Processing file /home/airflow/.local/lib/python3.12/site-packages/airflow/example_dags/example_subdag_operator.py for tasks to queue
[2024-11-25T08:09:45.898+0000] {logging_mixin.py:190} INFO - [2024-11-25T08:09:45.897+0000] {dagbag.py:588} INFO - Filling up the DagBag from /home/airflow/.local/lib/python3.12/site-packages/airflow/example_dags/example_subdag_operator.py
[2024-11-25T08:09:46.040+0000] {processor.py:925} INFO - DAG(s) 'example_subdag_operator.section-1', 'example_subdag_operator.section-2', 'example_subdag_operator' retrieved from /home/airflow/.local/lib/python3.12/site-packages/airflow/example_dags/example_subdag_operator.py
[2024-11-25T08:09:46.094+0000] {logging_mixin.py:190} INFO - [2024-11-25T08:09:46.093+0000] {dag.py:3239} INFO - Sync 3 DAGs
[2024-11-25T08:09:46.152+0000] {logging_mixin.py:190} INFO - [2024-11-25T08:09:46.151+0000] {dag.py:4180} INFO - Setting next_dagrun for example_subdag_operator to 2022-01-01 00:00:00+00:00, run_after=2022-01-01 00:00:00+00:00
[2024-11-25T08:09:46.162+0000] {logging_mixin.py:190} INFO - [2024-11-25T08:09:46.161+0000] {dag.py:4180} INFO - Setting next_dagrun for example_subdag_operator.section-1 to None, run_after=None
[2024-11-25T08:09:46.165+0000] {logging_mixin.py:190} INFO - [2024-11-25T08:09:46.165+0000] {dag.py:4180} INFO - Setting next_dagrun for example_subdag_operator.section-2 to None, run_after=None
[2024-11-25T08:09:46.183+0000] {logging_mixin.py:190} INFO - [2024-11-25T08:09:46.182+0000] {dag.py:3239} INFO - Sync 2 DAGs
[2024-11-25T08:09:46.197+0000] {logging_mixin.py:190} INFO - [2024-11-25T08:09:46.196+0000] {dag.py:4180} INFO - Setting next_dagrun for example_subdag_operator.section-1 to None, run_after=None
[2024-11-25T08:09:46.198+0000] {logging_mixin.py:190} INFO - [2024-11-25T08:09:46.197+0000] {dag.py:4180} INFO - Setting next_dagrun for example_subdag_operator.section-2 to None, run_after=None
[2024-11-25T08:09:46.227+0000] {processor.py:208} INFO - Processing /home/airflow/.local/lib/python3.12/site-packages/airflow/example_dags/example_subdag_operator.py took 0.352 seconds
[2024-11-25T08:10:16.586+0000] {processor.py:186} INFO - Started process (PID=417) to work on /home/airflow/.local/lib/python3.12/site-packages/airflow/example_dags/example_subdag_operator.py
[2024-11-25T08:10:16.588+0000] {processor.py:914} INFO - Processing file /home/airflow/.local/lib/python3.12/site-packages/airflow/example_dags/example_subdag_operator.py for tasks to queue
[2024-11-25T08:10:16.591+0000] {logging_mixin.py:190} INFO - [2024-11-25T08:10:16.590+0000] {dagbag.py:588} INFO - Filling up the DagBag from /home/airflow/.local/lib/python3.12/site-packages/airflow/example_dags/example_subdag_operator.py
[2024-11-25T08:10:16.639+0000] {processor.py:925} INFO - DAG(s) 'example_subdag_operator.section-1', 'example_subdag_operator.section-2', 'example_subdag_operator' retrieved from /home/airflow/.local/lib/python3.12/site-packages/airflow/example_dags/example_subdag_operator.py
[2024-11-25T08:10:16.663+0000] {logging_mixin.py:190} INFO - [2024-11-25T08:10:16.663+0000] {dag.py:3239} INFO - Sync 3 DAGs
[2024-11-25T08:10:16.719+0000] {logging_mixin.py:190} INFO - [2024-11-25T08:10:16.718+0000] {dag.py:4180} INFO - Setting next_dagrun for example_subdag_operator to 2022-01-01 00:00:00+00:00, run_after=2022-01-01 00:00:00+00:00
[2024-11-25T08:10:16.730+0000] {logging_mixin.py:190} INFO - [2024-11-25T08:10:16.729+0000] {dag.py:4180} INFO - Setting next_dagrun for example_subdag_operator.section-1 to None, run_after=None
[2024-11-25T08:10:16.735+0000] {logging_mixin.py:190} INFO - [2024-11-25T08:10:16.734+0000] {dag.py:4180} INFO - Setting next_dagrun for example_subdag_operator.section-2 to None, run_after=None
[2024-11-25T08:10:16.750+0000] {logging_mixin.py:190} INFO - [2024-11-25T08:10:16.749+0000] {dag.py:3239} INFO - Sync 2 DAGs
[2024-11-25T08:10:16.760+0000] {logging_mixin.py:190} INFO - [2024-11-25T08:10:16.759+0000] {dag.py:4180} INFO - Setting next_dagrun for example_subdag_operator.section-1 to None, run_after=None
[2024-11-25T08:10:16.760+0000] {logging_mixin.py:190} INFO - [2024-11-25T08:10:16.760+0000] {dag.py:4180} INFO - Setting next_dagrun for example_subdag_operator.section-2 to None, run_after=None
[2024-11-25T08:10:16.782+0000] {processor.py:208} INFO - Processing /home/airflow/.local/lib/python3.12/site-packages/airflow/example_dags/example_subdag_operator.py took 0.204 seconds
