[2024-11-25T08:08:16.399+0000] {processor.py:186} INFO - Started process (PID=119) to work on /home/airflow/.local/lib/python3.12/site-packages/airflow/example_dags/example_dataset_alias.py
[2024-11-25T08:08:16.400+0000] {processor.py:914} INFO - Processing file /home/airflow/.local/lib/python3.12/site-packages/airflow/example_dags/example_dataset_alias.py for tasks to queue
[2024-11-25T08:08:16.411+0000] {logging_mixin.py:190} INFO - [2024-11-25T08:08:16.406+0000] {dagbag.py:588} INFO - Filling up the DagBag from /home/airflow/.local/lib/python3.12/site-packages/airflow/example_dags/example_dataset_alias.py
[2024-11-25T08:09:02.283+0000] {processor.py:186} INFO - Started process (PID=234) to work on /home/airflow/.local/lib/python3.12/site-packages/airflow/example_dags/example_dataset_alias.py
[2024-11-25T08:09:02.285+0000] {processor.py:914} INFO - Processing file /home/airflow/.local/lib/python3.12/site-packages/airflow/example_dags/example_dataset_alias.py for tasks to queue
[2024-11-25T08:09:02.288+0000] {logging_mixin.py:190} INFO - [2024-11-25T08:09:02.287+0000] {dagbag.py:588} INFO - Filling up the DagBag from /home/airflow/.local/lib/python3.12/site-packages/airflow/example_dags/example_dataset_alias.py
[2024-11-25T08:09:03.113+0000] {processor.py:925} INFO - DAG(s) 'dataset_alias_example_alias_consumer', 'dataset_s3_bucket_producer', 'dataset_alias_example_alias_producer', 'dataset_s3_bucket_consumer' retrieved from /home/airflow/.local/lib/python3.12/site-packages/airflow/example_dags/example_dataset_alias.py
[2024-11-25T08:09:03.149+0000] {logging_mixin.py:190} INFO - [2024-11-25T08:09:03.148+0000] {dag.py:3239} INFO - Sync 4 DAGs
[2024-11-25T08:09:03.201+0000] {logging_mixin.py:190} INFO - [2024-11-25T08:09:03.200+0000] {dag.py:4180} INFO - Setting next_dagrun for dataset_alias_example_alias_consumer to None, run_after=None
[2024-11-25T08:09:03.209+0000] {logging_mixin.py:190} INFO - [2024-11-25T08:09:03.209+0000] {dag.py:4180} INFO - Setting next_dagrun for dataset_alias_example_alias_producer to None, run_after=None
[2024-11-25T08:09:03.212+0000] {logging_mixin.py:190} INFO - [2024-11-25T08:09:03.211+0000] {dag.py:4180} INFO - Setting next_dagrun for dataset_s3_bucket_consumer to None, run_after=None
[2024-11-25T08:09:03.214+0000] {logging_mixin.py:190} INFO - [2024-11-25T08:09:03.214+0000] {dag.py:4180} INFO - Setting next_dagrun for dataset_s3_bucket_producer to None, run_after=None
[2024-11-25T08:09:03.252+0000] {processor.py:208} INFO - Processing /home/airflow/.local/lib/python3.12/site-packages/airflow/example_dags/example_dataset_alias.py took 0.975 seconds
[2024-11-25T08:09:10.145+0000] {processor.py:186} INFO - Started process (PID=293) to work on /home/airflow/.local/lib/python3.12/site-packages/airflow/example_dags/example_dataset_alias.py
[2024-11-25T08:09:10.146+0000] {processor.py:914} INFO - Processing file /home/airflow/.local/lib/python3.12/site-packages/airflow/example_dags/example_dataset_alias.py for tasks to queue
[2024-11-25T08:09:10.149+0000] {logging_mixin.py:190} INFO - [2024-11-25T08:09:10.149+0000] {dagbag.py:588} INFO - Filling up the DagBag from /home/airflow/.local/lib/python3.12/site-packages/airflow/example_dags/example_dataset_alias.py
[2024-11-25T08:09:10.969+0000] {processor.py:925} INFO - DAG(s) 'dataset_s3_bucket_consumer', 'dataset_s3_bucket_producer', 'dataset_alias_example_alias_consumer', 'dataset_alias_example_alias_producer' retrieved from /home/airflow/.local/lib/python3.12/site-packages/airflow/example_dags/example_dataset_alias.py
[2024-11-25T08:09:11.003+0000] {logging_mixin.py:190} INFO - [2024-11-25T08:09:11.002+0000] {dag.py:3239} INFO - Sync 4 DAGs
[2024-11-25T08:09:11.041+0000] {logging_mixin.py:190} INFO - [2024-11-25T08:09:11.041+0000] {dag.py:4180} INFO - Setting next_dagrun for dataset_alias_example_alias_consumer to None, run_after=None
[2024-11-25T08:09:11.045+0000] {logging_mixin.py:190} INFO - [2024-11-25T08:09:11.045+0000] {dag.py:4180} INFO - Setting next_dagrun for dataset_alias_example_alias_producer to None, run_after=None
[2024-11-25T08:09:11.047+0000] {logging_mixin.py:190} INFO - [2024-11-25T08:09:11.047+0000] {dag.py:4180} INFO - Setting next_dagrun for dataset_s3_bucket_consumer to None, run_after=None
[2024-11-25T08:09:11.051+0000] {logging_mixin.py:190} INFO - [2024-11-25T08:09:11.050+0000] {dag.py:4180} INFO - Setting next_dagrun for dataset_s3_bucket_producer to None, run_after=None
[2024-11-25T08:09:11.086+0000] {processor.py:208} INFO - Processing /home/airflow/.local/lib/python3.12/site-packages/airflow/example_dags/example_dataset_alias.py took 0.952 seconds
[2024-11-25T08:09:42.658+0000] {processor.py:186} INFO - Started process (PID=354) to work on /home/airflow/.local/lib/python3.12/site-packages/airflow/example_dags/example_dataset_alias.py
[2024-11-25T08:09:42.661+0000] {processor.py:914} INFO - Processing file /home/airflow/.local/lib/python3.12/site-packages/airflow/example_dags/example_dataset_alias.py for tasks to queue
[2024-11-25T08:09:42.665+0000] {logging_mixin.py:190} INFO - [2024-11-25T08:09:42.665+0000] {dagbag.py:588} INFO - Filling up the DagBag from /home/airflow/.local/lib/python3.12/site-packages/airflow/example_dags/example_dataset_alias.py
[2024-11-25T08:09:45.024+0000] {processor.py:925} INFO - DAG(s) 'dataset_s3_bucket_consumer', 'dataset_s3_bucket_producer', 'dataset_alias_example_alias_consumer', 'dataset_alias_example_alias_producer' retrieved from /home/airflow/.local/lib/python3.12/site-packages/airflow/example_dags/example_dataset_alias.py
[2024-11-25T08:09:45.105+0000] {logging_mixin.py:190} INFO - [2024-11-25T08:09:45.103+0000] {dag.py:3239} INFO - Sync 4 DAGs
[2024-11-25T08:09:45.325+0000] {logging_mixin.py:190} INFO - [2024-11-25T08:09:45.324+0000] {dag.py:4180} INFO - Setting next_dagrun for dataset_alias_example_alias_consumer to None, run_after=None
[2024-11-25T08:09:45.336+0000] {logging_mixin.py:190} INFO - [2024-11-25T08:09:45.335+0000] {dag.py:4180} INFO - Setting next_dagrun for dataset_alias_example_alias_producer to None, run_after=None
[2024-11-25T08:09:45.341+0000] {logging_mixin.py:190} INFO - [2024-11-25T08:09:45.340+0000] {dag.py:4180} INFO - Setting next_dagrun for dataset_s3_bucket_consumer to None, run_after=None
[2024-11-25T08:09:45.345+0000] {logging_mixin.py:190} INFO - [2024-11-25T08:09:45.345+0000] {dag.py:4180} INFO - Setting next_dagrun for dataset_s3_bucket_producer to None, run_after=None
[2024-11-25T08:09:45.437+0000] {processor.py:208} INFO - Processing /home/airflow/.local/lib/python3.12/site-packages/airflow/example_dags/example_dataset_alias.py took 2.791 seconds
[2024-11-25T08:10:16.164+0000] {processor.py:186} INFO - Started process (PID=414) to work on /home/airflow/.local/lib/python3.12/site-packages/airflow/example_dags/example_dataset_alias.py
[2024-11-25T08:10:16.165+0000] {processor.py:914} INFO - Processing file /home/airflow/.local/lib/python3.12/site-packages/airflow/example_dags/example_dataset_alias.py for tasks to queue
[2024-11-25T08:10:16.167+0000] {logging_mixin.py:190} INFO - [2024-11-25T08:10:16.167+0000] {dagbag.py:588} INFO - Filling up the DagBag from /home/airflow/.local/lib/python3.12/site-packages/airflow/example_dags/example_dataset_alias.py
[2024-11-25T08:10:17.233+0000] {processor.py:925} INFO - DAG(s) 'dataset_alias_example_alias_producer', 'dataset_s3_bucket_producer', 'dataset_s3_bucket_consumer', 'dataset_alias_example_alias_consumer' retrieved from /home/airflow/.local/lib/python3.12/site-packages/airflow/example_dags/example_dataset_alias.py
[2024-11-25T08:10:17.267+0000] {logging_mixin.py:190} INFO - [2024-11-25T08:10:17.267+0000] {dag.py:3239} INFO - Sync 4 DAGs
[2024-11-25T08:10:17.299+0000] {logging_mixin.py:190} INFO - [2024-11-25T08:10:17.298+0000] {dag.py:4180} INFO - Setting next_dagrun for dataset_alias_example_alias_consumer to None, run_after=None
[2024-11-25T08:10:17.303+0000] {logging_mixin.py:190} INFO - [2024-11-25T08:10:17.303+0000] {dag.py:4180} INFO - Setting next_dagrun for dataset_alias_example_alias_producer to None, run_after=None
[2024-11-25T08:10:17.306+0000] {logging_mixin.py:190} INFO - [2024-11-25T08:10:17.306+0000] {dag.py:4180} INFO - Setting next_dagrun for dataset_s3_bucket_consumer to None, run_after=None
[2024-11-25T08:10:17.308+0000] {logging_mixin.py:190} INFO - [2024-11-25T08:10:17.308+0000] {dag.py:4180} INFO - Setting next_dagrun for dataset_s3_bucket_producer to None, run_after=None
[2024-11-25T08:10:17.338+0000] {processor.py:208} INFO - Processing /home/airflow/.local/lib/python3.12/site-packages/airflow/example_dags/example_dataset_alias.py took 1.183 seconds
[2024-11-25T08:10:48.263+0000] {processor.py:186} INFO - Started process (PID=486) to work on /home/airflow/.local/lib/python3.12/site-packages/airflow/example_dags/example_dataset_alias.py
[2024-11-25T08:10:48.275+0000] {processor.py:914} INFO - Processing file /home/airflow/.local/lib/python3.12/site-packages/airflow/example_dags/example_dataset_alias.py for tasks to queue
[2024-11-25T08:10:48.279+0000] {logging_mixin.py:190} INFO - [2024-11-25T08:10:48.278+0000] {dagbag.py:588} INFO - Filling up the DagBag from /home/airflow/.local/lib/python3.12/site-packages/airflow/example_dags/example_dataset_alias.py
