[2024-11-25T08:08:15.824+0000] {processor.py:186} INFO - Started process (PID=116) to work on /home/airflow/.local/lib/python3.12/site-packages/airflow/example_dags/example_xcomargs.py
[2024-11-25T08:08:15.825+0000] {processor.py:914} INFO - Processing file /home/airflow/.local/lib/python3.12/site-packages/airflow/example_dags/example_xcomargs.py for tasks to queue
[2024-11-25T08:08:15.830+0000] {logging_mixin.py:190} INFO - [2024-11-25T08:08:15.829+0000] {dagbag.py:588} INFO - Filling up the DagBag from /home/airflow/.local/lib/python3.12/site-packages/airflow/example_dags/example_xcomargs.py
[2024-11-25T08:08:15.874+0000] {processor.py:925} INFO - DAG(s) 'example_xcom_args_with_operators', 'example_xcom_args' retrieved from /home/airflow/.local/lib/python3.12/site-packages/airflow/example_dags/example_xcomargs.py
[2024-11-25T08:08:15.928+0000] {logging_mixin.py:190} INFO - [2024-11-25T08:08:15.927+0000] {dag.py:3239} INFO - Sync 2 DAGs
[2024-11-25T08:08:15.978+0000] {logging_mixin.py:190} INFO - [2024-11-25T08:08:15.978+0000] {dag.py:4180} INFO - Setting next_dagrun for example_xcom_args to None, run_after=None
[2024-11-25T08:08:15.989+0000] {logging_mixin.py:190} INFO - [2024-11-25T08:08:15.988+0000] {dag.py:4180} INFO - Setting next_dagrun for example_xcom_args_with_operators to None, run_after=None
[2024-11-25T08:08:16.020+0000] {processor.py:208} INFO - Processing /home/airflow/.local/lib/python3.12/site-packages/airflow/example_dags/example_xcomargs.py took 0.209 seconds
[2024-11-25T08:08:30.028+0000] {processor.py:186} INFO - Started process (PID=169) to work on /home/airflow/.local/lib/python3.12/site-packages/airflow/example_dags/example_xcomargs.py
[2024-11-25T08:08:30.030+0000] {processor.py:914} INFO - Processing file /home/airflow/.local/lib/python3.12/site-packages/airflow/example_dags/example_xcomargs.py for tasks to queue
[2024-11-25T08:08:30.035+0000] {logging_mixin.py:190} INFO - [2024-11-25T08:08:30.034+0000] {dagbag.py:588} INFO - Filling up the DagBag from /home/airflow/.local/lib/python3.12/site-packages/airflow/example_dags/example_xcomargs.py
[2024-11-25T08:08:30.050+0000] {processor.py:925} INFO - DAG(s) 'example_xcom_args', 'example_xcom_args_with_operators' retrieved from /home/airflow/.local/lib/python3.12/site-packages/airflow/example_dags/example_xcomargs.py
[2024-11-25T08:08:30.085+0000] {logging_mixin.py:190} INFO - [2024-11-25T08:08:30.085+0000] {dag.py:3239} INFO - Sync 2 DAGs
[2024-11-25T08:08:30.105+0000] {logging_mixin.py:190} INFO - [2024-11-25T08:08:30.105+0000] {dag.py:4180} INFO - Setting next_dagrun for example_xcom_args to None, run_after=None
[2024-11-25T08:08:30.111+0000] {logging_mixin.py:190} INFO - [2024-11-25T08:08:30.111+0000] {dag.py:4180} INFO - Setting next_dagrun for example_xcom_args_with_operators to None, run_after=None
[2024-11-25T08:08:30.136+0000] {processor.py:208} INFO - Processing /home/airflow/.local/lib/python3.12/site-packages/airflow/example_dags/example_xcomargs.py took 0.117 seconds
[2024-11-25T08:09:02.090+0000] {processor.py:186} INFO - Started process (PID=231) to work on /home/airflow/.local/lib/python3.12/site-packages/airflow/example_dags/example_xcomargs.py
[2024-11-25T08:09:02.091+0000] {processor.py:914} INFO - Processing file /home/airflow/.local/lib/python3.12/site-packages/airflow/example_dags/example_xcomargs.py for tasks to queue
[2024-11-25T08:09:02.094+0000] {logging_mixin.py:190} INFO - [2024-11-25T08:09:02.093+0000] {dagbag.py:588} INFO - Filling up the DagBag from /home/airflow/.local/lib/python3.12/site-packages/airflow/example_dags/example_xcomargs.py
[2024-11-25T08:09:02.107+0000] {processor.py:925} INFO - DAG(s) 'example_xcom_args', 'example_xcom_args_with_operators' retrieved from /home/airflow/.local/lib/python3.12/site-packages/airflow/example_dags/example_xcomargs.py
[2024-11-25T08:09:02.137+0000] {logging_mixin.py:190} INFO - [2024-11-25T08:09:02.137+0000] {dag.py:3239} INFO - Sync 2 DAGs
[2024-11-25T08:09:02.156+0000] {logging_mixin.py:190} INFO - [2024-11-25T08:09:02.156+0000] {dag.py:4180} INFO - Setting next_dagrun for example_xcom_args to None, run_after=None
[2024-11-25T08:09:02.164+0000] {logging_mixin.py:190} INFO - [2024-11-25T08:09:02.163+0000] {dag.py:4180} INFO - Setting next_dagrun for example_xcom_args_with_operators to None, run_after=None
[2024-11-25T08:09:02.186+0000] {processor.py:208} INFO - Processing /home/airflow/.local/lib/python3.12/site-packages/airflow/example_dags/example_xcomargs.py took 0.104 seconds
[2024-11-25T08:09:09.877+0000] {processor.py:186} INFO - Started process (PID=290) to work on /home/airflow/.local/lib/python3.12/site-packages/airflow/example_dags/example_xcomargs.py
[2024-11-25T08:09:09.878+0000] {processor.py:914} INFO - Processing file /home/airflow/.local/lib/python3.12/site-packages/airflow/example_dags/example_xcomargs.py for tasks to queue
[2024-11-25T08:09:09.882+0000] {logging_mixin.py:190} INFO - [2024-11-25T08:09:09.882+0000] {dagbag.py:588} INFO - Filling up the DagBag from /home/airflow/.local/lib/python3.12/site-packages/airflow/example_dags/example_xcomargs.py
[2024-11-25T08:09:09.894+0000] {processor.py:925} INFO - DAG(s) 'example_xcom_args', 'example_xcom_args_with_operators' retrieved from /home/airflow/.local/lib/python3.12/site-packages/airflow/example_dags/example_xcomargs.py
[2024-11-25T08:09:09.932+0000] {logging_mixin.py:190} INFO - [2024-11-25T08:09:09.931+0000] {dag.py:3239} INFO - Sync 2 DAGs
[2024-11-25T08:09:09.950+0000] {logging_mixin.py:190} INFO - [2024-11-25T08:09:09.949+0000] {dag.py:4180} INFO - Setting next_dagrun for example_xcom_args to None, run_after=None
[2024-11-25T08:09:09.955+0000] {logging_mixin.py:190} INFO - [2024-11-25T08:09:09.954+0000] {dag.py:4180} INFO - Setting next_dagrun for example_xcom_args_with_operators to None, run_after=None
[2024-11-25T08:09:09.976+0000] {processor.py:208} INFO - Processing /home/airflow/.local/lib/python3.12/site-packages/airflow/example_dags/example_xcomargs.py took 0.105 seconds
[2024-11-25T08:09:42.101+0000] {processor.py:186} INFO - Started process (PID=351) to work on /home/airflow/.local/lib/python3.12/site-packages/airflow/example_dags/example_xcomargs.py
[2024-11-25T08:09:42.103+0000] {processor.py:914} INFO - Processing file /home/airflow/.local/lib/python3.12/site-packages/airflow/example_dags/example_xcomargs.py for tasks to queue
[2024-11-25T08:09:42.107+0000] {logging_mixin.py:190} INFO - [2024-11-25T08:09:42.107+0000] {dagbag.py:588} INFO - Filling up the DagBag from /home/airflow/.local/lib/python3.12/site-packages/airflow/example_dags/example_xcomargs.py
[2024-11-25T08:09:42.133+0000] {processor.py:925} INFO - DAG(s) 'example_xcom_args', 'example_xcom_args_with_operators' retrieved from /home/airflow/.local/lib/python3.12/site-packages/airflow/example_dags/example_xcomargs.py
[2024-11-25T08:09:42.197+0000] {logging_mixin.py:190} INFO - [2024-11-25T08:09:42.197+0000] {dag.py:3239} INFO - Sync 2 DAGs
[2024-11-25T08:09:42.244+0000] {logging_mixin.py:190} INFO - [2024-11-25T08:09:42.244+0000] {dag.py:4180} INFO - Setting next_dagrun for example_xcom_args to None, run_after=None
[2024-11-25T08:09:42.260+0000] {logging_mixin.py:190} INFO - [2024-11-25T08:09:42.259+0000] {dag.py:4180} INFO - Setting next_dagrun for example_xcom_args_with_operators to None, run_after=None
[2024-11-25T08:09:42.323+0000] {processor.py:208} INFO - Processing /home/airflow/.local/lib/python3.12/site-packages/airflow/example_dags/example_xcomargs.py took 0.242 seconds
[2024-11-25T08:10:13.113+0000] {processor.py:186} INFO - Started process (PID=410) to work on /home/airflow/.local/lib/python3.12/site-packages/airflow/example_dags/example_xcomargs.py
[2024-11-25T08:10:13.114+0000] {processor.py:914} INFO - Processing file /home/airflow/.local/lib/python3.12/site-packages/airflow/example_dags/example_xcomargs.py for tasks to queue
[2024-11-25T08:10:13.117+0000] {logging_mixin.py:190} INFO - [2024-11-25T08:10:13.117+0000] {dagbag.py:588} INFO - Filling up the DagBag from /home/airflow/.local/lib/python3.12/site-packages/airflow/example_dags/example_xcomargs.py
[2024-11-25T08:10:13.132+0000] {processor.py:925} INFO - DAG(s) 'example_xcom_args', 'example_xcom_args_with_operators' retrieved from /home/airflow/.local/lib/python3.12/site-packages/airflow/example_dags/example_xcomargs.py
[2024-11-25T08:10:13.168+0000] {logging_mixin.py:190} INFO - [2024-11-25T08:10:13.167+0000] {dag.py:3239} INFO - Sync 2 DAGs
[2024-11-25T08:10:13.200+0000] {logging_mixin.py:190} INFO - [2024-11-25T08:10:13.199+0000] {dag.py:4180} INFO - Setting next_dagrun for example_xcom_args to None, run_after=None
[2024-11-25T08:10:13.215+0000] {logging_mixin.py:190} INFO - [2024-11-25T08:10:13.214+0000] {dag.py:4180} INFO - Setting next_dagrun for example_xcom_args_with_operators to None, run_after=None
[2024-11-25T08:10:13.259+0000] {processor.py:208} INFO - Processing /home/airflow/.local/lib/python3.12/site-packages/airflow/example_dags/example_xcomargs.py took 0.155 seconds
[2024-11-25T08:10:46.937+0000] {processor.py:186} INFO - Started process (PID=483) to work on /home/airflow/.local/lib/python3.12/site-packages/airflow/example_dags/example_xcomargs.py
[2024-11-25T08:10:46.940+0000] {processor.py:914} INFO - Processing file /home/airflow/.local/lib/python3.12/site-packages/airflow/example_dags/example_xcomargs.py for tasks to queue
[2024-11-25T08:10:46.943+0000] {logging_mixin.py:190} INFO - [2024-11-25T08:10:46.942+0000] {dagbag.py:588} INFO - Filling up the DagBag from /home/airflow/.local/lib/python3.12/site-packages/airflow/example_dags/example_xcomargs.py
[2024-11-25T08:10:46.995+0000] {processor.py:925} INFO - DAG(s) 'example_xcom_args_with_operators', 'example_xcom_args' retrieved from /home/airflow/.local/lib/python3.12/site-packages/airflow/example_dags/example_xcomargs.py
[2024-11-25T08:10:47.565+0000] {logging_mixin.py:190} INFO - [2024-11-25T08:10:47.528+0000] {dag.py:3239} INFO - Sync 2 DAGs
[2024-11-25T08:10:47.673+0000] {logging_mixin.py:190} INFO - [2024-11-25T08:10:47.672+0000] {dag.py:4180} INFO - Setting next_dagrun for example_xcom_args to None, run_after=None
[2024-11-25T08:10:47.685+0000] {logging_mixin.py:190} INFO - [2024-11-25T08:10:47.685+0000] {dag.py:4180} INFO - Setting next_dagrun for example_xcom_args_with_operators to None, run_after=None
[2024-11-25T08:10:47.801+0000] {processor.py:208} INFO - Processing /home/airflow/.local/lib/python3.12/site-packages/airflow/example_dags/example_xcomargs.py took 0.884 seconds
