[2024-11-25T08:08:13.365+0000] {processor.py:186} INFO - Started process (PID=102) to work on /home/airflow/.local/lib/python3.12/site-packages/airflow/example_dags/example_sensors.py
[2024-11-25T08:08:13.366+0000] {processor.py:914} INFO - Processing file /home/airflow/.local/lib/python3.12/site-packages/airflow/example_dags/example_sensors.py for tasks to queue
[2024-11-25T08:08:13.373+0000] {logging_mixin.py:190} INFO - [2024-11-25T08:08:13.372+0000] {dagbag.py:588} INFO - Filling up the DagBag from /home/airflow/.local/lib/python3.12/site-packages/airflow/example_dags/example_sensors.py
[2024-11-25T08:08:13.396+0000] {processor.py:925} INFO - DAG(s) 'example_sensors' retrieved from /home/airflow/.local/lib/python3.12/site-packages/airflow/example_dags/example_sensors.py
[2024-11-25T08:08:13.443+0000] {logging_mixin.py:190} INFO - [2024-11-25T08:08:13.442+0000] {dag.py:3239} INFO - Sync 1 DAGs
[2024-11-25T08:08:13.471+0000] {logging_mixin.py:190} INFO - [2024-11-25T08:08:13.470+0000] {dag.py:4180} INFO - Setting next_dagrun for example_sensors to None, run_after=None
[2024-11-25T08:08:13.503+0000] {processor.py:208} INFO - Processing /home/airflow/.local/lib/python3.12/site-packages/airflow/example_dags/example_sensors.py took 0.145 seconds
[2024-11-25T08:08:28.981+0000] {processor.py:186} INFO - Started process (PID=157) to work on /home/airflow/.local/lib/python3.12/site-packages/airflow/example_dags/example_sensors.py
[2024-11-25T08:08:28.989+0000] {processor.py:914} INFO - Processing file /home/airflow/.local/lib/python3.12/site-packages/airflow/example_dags/example_sensors.py for tasks to queue
[2024-11-25T08:08:28.992+0000] {logging_mixin.py:190} INFO - [2024-11-25T08:08:28.992+0000] {dagbag.py:588} INFO - Filling up the DagBag from /home/airflow/.local/lib/python3.12/site-packages/airflow/example_dags/example_sensors.py
[2024-11-25T08:08:29.016+0000] {processor.py:925} INFO - DAG(s) 'example_sensors' retrieved from /home/airflow/.local/lib/python3.12/site-packages/airflow/example_dags/example_sensors.py
[2024-11-25T08:08:29.070+0000] {logging_mixin.py:190} INFO - [2024-11-25T08:08:29.069+0000] {dag.py:3239} INFO - Sync 1 DAGs
[2024-11-25T08:08:29.095+0000] {logging_mixin.py:190} INFO - [2024-11-25T08:08:29.095+0000] {dag.py:4180} INFO - Setting next_dagrun for example_sensors to None, run_after=None
[2024-11-25T08:08:29.127+0000] {processor.py:208} INFO - Processing /home/airflow/.local/lib/python3.12/site-packages/airflow/example_dags/example_sensors.py took 0.156 seconds
[2024-11-25T08:09:00.108+0000] {processor.py:186} INFO - Started process (PID=217) to work on /home/airflow/.local/lib/python3.12/site-packages/airflow/example_dags/example_sensors.py
[2024-11-25T08:09:00.109+0000] {processor.py:914} INFO - Processing file /home/airflow/.local/lib/python3.12/site-packages/airflow/example_dags/example_sensors.py for tasks to queue
[2024-11-25T08:09:00.112+0000] {logging_mixin.py:190} INFO - [2024-11-25T08:09:00.112+0000] {dagbag.py:588} INFO - Filling up the DagBag from /home/airflow/.local/lib/python3.12/site-packages/airflow/example_dags/example_sensors.py
[2024-11-25T08:09:00.126+0000] {processor.py:925} INFO - DAG(s) 'example_sensors' retrieved from /home/airflow/.local/lib/python3.12/site-packages/airflow/example_dags/example_sensors.py
[2024-11-25T08:09:00.160+0000] {logging_mixin.py:190} INFO - [2024-11-25T08:09:00.160+0000] {dag.py:3239} INFO - Sync 1 DAGs
[2024-11-25T08:09:00.179+0000] {logging_mixin.py:190} INFO - [2024-11-25T08:09:00.178+0000] {dag.py:4180} INFO - Setting next_dagrun for example_sensors to None, run_after=None
[2024-11-25T08:09:00.202+0000] {processor.py:208} INFO - Processing /home/airflow/.local/lib/python3.12/site-packages/airflow/example_dags/example_sensors.py took 0.101 seconds
[2024-11-25T08:09:08.536+0000] {processor.py:186} INFO - Started process (PID=272) to work on /home/airflow/.local/lib/python3.12/site-packages/airflow/example_dags/example_sensors.py
[2024-11-25T08:09:08.537+0000] {processor.py:914} INFO - Processing file /home/airflow/.local/lib/python3.12/site-packages/airflow/example_dags/example_sensors.py for tasks to queue
[2024-11-25T08:09:08.540+0000] {logging_mixin.py:190} INFO - [2024-11-25T08:09:08.540+0000] {dagbag.py:588} INFO - Filling up the DagBag from /home/airflow/.local/lib/python3.12/site-packages/airflow/example_dags/example_sensors.py
[2024-11-25T08:09:08.554+0000] {processor.py:925} INFO - DAG(s) 'example_sensors' retrieved from /home/airflow/.local/lib/python3.12/site-packages/airflow/example_dags/example_sensors.py
[2024-11-25T08:09:08.595+0000] {logging_mixin.py:190} INFO - [2024-11-25T08:09:08.595+0000] {dag.py:3239} INFO - Sync 1 DAGs
[2024-11-25T08:09:08.631+0000] {logging_mixin.py:190} INFO - [2024-11-25T08:09:08.631+0000] {dag.py:4180} INFO - Setting next_dagrun for example_sensors to None, run_after=None
[2024-11-25T08:09:08.680+0000] {processor.py:208} INFO - Processing /home/airflow/.local/lib/python3.12/site-packages/airflow/example_dags/example_sensors.py took 0.152 seconds
[2024-11-25T08:09:40.309+0000] {processor.py:186} INFO - Started process (PID=339) to work on /home/airflow/.local/lib/python3.12/site-packages/airflow/example_dags/example_sensors.py
[2024-11-25T08:09:40.310+0000] {processor.py:914} INFO - Processing file /home/airflow/.local/lib/python3.12/site-packages/airflow/example_dags/example_sensors.py for tasks to queue
[2024-11-25T08:09:40.315+0000] {logging_mixin.py:190} INFO - [2024-11-25T08:09:40.314+0000] {dagbag.py:588} INFO - Filling up the DagBag from /home/airflow/.local/lib/python3.12/site-packages/airflow/example_dags/example_sensors.py
[2024-11-25T08:09:40.346+0000] {processor.py:925} INFO - DAG(s) 'example_sensors' retrieved from /home/airflow/.local/lib/python3.12/site-packages/airflow/example_dags/example_sensors.py
[2024-11-25T08:09:40.387+0000] {logging_mixin.py:190} INFO - [2024-11-25T08:09:40.386+0000] {dag.py:3239} INFO - Sync 1 DAGs
[2024-11-25T08:09:40.419+0000] {logging_mixin.py:190} INFO - [2024-11-25T08:09:40.418+0000] {dag.py:4180} INFO - Setting next_dagrun for example_sensors to None, run_after=None
[2024-11-25T08:09:40.451+0000] {processor.py:208} INFO - Processing /home/airflow/.local/lib/python3.12/site-packages/airflow/example_dags/example_sensors.py took 0.154 seconds
[2024-11-25T08:10:11.966+0000] {processor.py:186} INFO - Started process (PID=400) to work on /home/airflow/.local/lib/python3.12/site-packages/airflow/example_dags/example_sensors.py
[2024-11-25T08:10:11.967+0000] {processor.py:914} INFO - Processing file /home/airflow/.local/lib/python3.12/site-packages/airflow/example_dags/example_sensors.py for tasks to queue
[2024-11-25T08:10:11.970+0000] {logging_mixin.py:190} INFO - [2024-11-25T08:10:11.969+0000] {dagbag.py:588} INFO - Filling up the DagBag from /home/airflow/.local/lib/python3.12/site-packages/airflow/example_dags/example_sensors.py
[2024-11-25T08:10:11.985+0000] {processor.py:925} INFO - DAG(s) 'example_sensors' retrieved from /home/airflow/.local/lib/python3.12/site-packages/airflow/example_dags/example_sensors.py
[2024-11-25T08:10:12.024+0000] {logging_mixin.py:190} INFO - [2024-11-25T08:10:12.023+0000] {dag.py:3239} INFO - Sync 1 DAGs
[2024-11-25T08:10:12.043+0000] {logging_mixin.py:190} INFO - [2024-11-25T08:10:12.043+0000] {dag.py:4180} INFO - Setting next_dagrun for example_sensors to None, run_after=None
[2024-11-25T08:10:12.074+0000] {processor.py:208} INFO - Processing /home/airflow/.local/lib/python3.12/site-packages/airflow/example_dags/example_sensors.py took 0.116 seconds
[2024-11-25T08:10:43.710+0000] {processor.py:186} INFO - Started process (PID=469) to work on /home/airflow/.local/lib/python3.12/site-packages/airflow/example_dags/example_sensors.py
[2024-11-25T08:10:43.711+0000] {processor.py:914} INFO - Processing file /home/airflow/.local/lib/python3.12/site-packages/airflow/example_dags/example_sensors.py for tasks to queue
[2024-11-25T08:10:43.715+0000] {logging_mixin.py:190} INFO - [2024-11-25T08:10:43.714+0000] {dagbag.py:588} INFO - Filling up the DagBag from /home/airflow/.local/lib/python3.12/site-packages/airflow/example_dags/example_sensors.py
[2024-11-25T08:10:43.738+0000] {processor.py:925} INFO - DAG(s) 'example_sensors' retrieved from /home/airflow/.local/lib/python3.12/site-packages/airflow/example_dags/example_sensors.py
[2024-11-25T08:10:43.801+0000] {logging_mixin.py:190} INFO - [2024-11-25T08:10:43.801+0000] {dag.py:3239} INFO - Sync 1 DAGs
[2024-11-25T08:10:43.828+0000] {logging_mixin.py:190} INFO - [2024-11-25T08:10:43.827+0000] {dag.py:4180} INFO - Setting next_dagrun for example_sensors to None, run_after=None
[2024-11-25T08:10:43.881+0000] {processor.py:208} INFO - Processing /home/airflow/.local/lib/python3.12/site-packages/airflow/example_dags/example_sensors.py took 0.179 seconds
