[2024-11-25T08:08:14.640+0000] {processor.py:186} INFO - Started process (PID=112) to work on /home/airflow/.local/lib/python3.12/site-packages/airflow/example_dags/example_skip_dag.py
[2024-11-25T08:08:14.641+0000] {processor.py:914} INFO - Processing file /home/airflow/.local/lib/python3.12/site-packages/airflow/example_dags/example_skip_dag.py for tasks to queue
[2024-11-25T08:08:14.645+0000] {logging_mixin.py:190} INFO - [2024-11-25T08:08:14.644+0000] {dagbag.py:588} INFO - Filling up the DagBag from /home/airflow/.local/lib/python3.12/site-packages/airflow/example_dags/example_skip_dag.py
[2024-11-25T08:08:14.672+0000] {processor.py:925} INFO - DAG(s) 'example_skip_dag' retrieved from /home/airflow/.local/lib/python3.12/site-packages/airflow/example_dags/example_skip_dag.py
[2024-11-25T08:08:14.727+0000] {logging_mixin.py:190} INFO - [2024-11-25T08:08:14.727+0000] {dag.py:3239} INFO - Sync 1 DAGs
[2024-11-25T08:08:14.773+0000] {logging_mixin.py:190} INFO - [2024-11-25T08:08:14.772+0000] {dag.py:4180} INFO - Setting next_dagrun for example_skip_dag to 2024-11-24 00:00:00+00:00, run_after=2024-11-25 00:00:00+00:00
[2024-11-25T08:08:14.813+0000] {processor.py:208} INFO - Processing /home/airflow/.local/lib/python3.12/site-packages/airflow/example_dags/example_skip_dag.py took 0.183 seconds
[2024-11-25T08:08:29.823+0000] {processor.py:186} INFO - Started process (PID=166) to work on /home/airflow/.local/lib/python3.12/site-packages/airflow/example_dags/example_skip_dag.py
[2024-11-25T08:08:29.824+0000] {processor.py:914} INFO - Processing file /home/airflow/.local/lib/python3.12/site-packages/airflow/example_dags/example_skip_dag.py for tasks to queue
[2024-11-25T08:08:29.828+0000] {logging_mixin.py:190} INFO - [2024-11-25T08:08:29.827+0000] {dagbag.py:588} INFO - Filling up the DagBag from /home/airflow/.local/lib/python3.12/site-packages/airflow/example_dags/example_skip_dag.py
[2024-11-25T08:08:29.839+0000] {processor.py:925} INFO - DAG(s) 'example_skip_dag' retrieved from /home/airflow/.local/lib/python3.12/site-packages/airflow/example_dags/example_skip_dag.py
[2024-11-25T08:08:29.871+0000] {logging_mixin.py:190} INFO - [2024-11-25T08:08:29.871+0000] {dag.py:3239} INFO - Sync 1 DAGs
[2024-11-25T08:08:29.909+0000] {logging_mixin.py:190} INFO - [2024-11-25T08:08:29.908+0000] {dag.py:4180} INFO - Setting next_dagrun for example_skip_dag to 2024-11-24 00:00:00+00:00, run_after=2024-11-25 00:00:00+00:00
[2024-11-25T08:08:29.942+0000] {processor.py:208} INFO - Processing /home/airflow/.local/lib/python3.12/site-packages/airflow/example_dags/example_skip_dag.py took 0.129 seconds
[2024-11-25T08:09:01.694+0000] {processor.py:186} INFO - Started process (PID=227) to work on /home/airflow/.local/lib/python3.12/site-packages/airflow/example_dags/example_skip_dag.py
[2024-11-25T08:09:01.695+0000] {processor.py:914} INFO - Processing file /home/airflow/.local/lib/python3.12/site-packages/airflow/example_dags/example_skip_dag.py for tasks to queue
[2024-11-25T08:09:01.698+0000] {logging_mixin.py:190} INFO - [2024-11-25T08:09:01.697+0000] {dagbag.py:588} INFO - Filling up the DagBag from /home/airflow/.local/lib/python3.12/site-packages/airflow/example_dags/example_skip_dag.py
[2024-11-25T08:09:01.707+0000] {processor.py:925} INFO - DAG(s) 'example_skip_dag' retrieved from /home/airflow/.local/lib/python3.12/site-packages/airflow/example_dags/example_skip_dag.py
[2024-11-25T08:09:01.732+0000] {logging_mixin.py:190} INFO - [2024-11-25T08:09:01.732+0000] {dag.py:3239} INFO - Sync 1 DAGs
[2024-11-25T08:09:01.762+0000] {logging_mixin.py:190} INFO - [2024-11-25T08:09:01.761+0000] {dag.py:4180} INFO - Setting next_dagrun for example_skip_dag to 2024-11-24 00:00:00+00:00, run_after=2024-11-25 00:00:00+00:00
[2024-11-25T08:09:01.785+0000] {processor.py:208} INFO - Processing /home/airflow/.local/lib/python3.12/site-packages/airflow/example_dags/example_skip_dag.py took 0.098 seconds
[2024-11-25T08:09:09.219+0000] {processor.py:186} INFO - Started process (PID=286) to work on /home/airflow/.local/lib/python3.12/site-packages/airflow/example_dags/example_skip_dag.py
[2024-11-25T08:09:09.221+0000] {processor.py:914} INFO - Processing file /home/airflow/.local/lib/python3.12/site-packages/airflow/example_dags/example_skip_dag.py for tasks to queue
[2024-11-25T08:09:09.224+0000] {logging_mixin.py:190} INFO - [2024-11-25T08:09:09.223+0000] {dagbag.py:588} INFO - Filling up the DagBag from /home/airflow/.local/lib/python3.12/site-packages/airflow/example_dags/example_skip_dag.py
[2024-11-25T08:09:09.236+0000] {processor.py:925} INFO - DAG(s) 'example_skip_dag' retrieved from /home/airflow/.local/lib/python3.12/site-packages/airflow/example_dags/example_skip_dag.py
[2024-11-25T08:09:09.264+0000] {logging_mixin.py:190} INFO - [2024-11-25T08:09:09.264+0000] {dag.py:3239} INFO - Sync 1 DAGs
[2024-11-25T08:09:09.295+0000] {logging_mixin.py:190} INFO - [2024-11-25T08:09:09.295+0000] {dag.py:4180} INFO - Setting next_dagrun for example_skip_dag to 2024-11-24 00:00:00+00:00, run_after=2024-11-25 00:00:00+00:00
[2024-11-25T08:09:09.320+0000] {processor.py:208} INFO - Processing /home/airflow/.local/lib/python3.12/site-packages/airflow/example_dags/example_skip_dag.py took 0.108 seconds
[2024-11-25T08:09:41.170+0000] {processor.py:186} INFO - Started process (PID=346) to work on /home/airflow/.local/lib/python3.12/site-packages/airflow/example_dags/example_skip_dag.py
[2024-11-25T08:09:41.173+0000] {processor.py:914} INFO - Processing file /home/airflow/.local/lib/python3.12/site-packages/airflow/example_dags/example_skip_dag.py for tasks to queue
[2024-11-25T08:09:41.178+0000] {logging_mixin.py:190} INFO - [2024-11-25T08:09:41.178+0000] {dagbag.py:588} INFO - Filling up the DagBag from /home/airflow/.local/lib/python3.12/site-packages/airflow/example_dags/example_skip_dag.py
[2024-11-25T08:09:41.198+0000] {processor.py:925} INFO - DAG(s) 'example_skip_dag' retrieved from /home/airflow/.local/lib/python3.12/site-packages/airflow/example_dags/example_skip_dag.py
[2024-11-25T08:09:41.252+0000] {logging_mixin.py:190} INFO - [2024-11-25T08:09:41.251+0000] {dag.py:3239} INFO - Sync 1 DAGs
[2024-11-25T08:09:41.327+0000] {logging_mixin.py:190} INFO - [2024-11-25T08:09:41.326+0000] {dag.py:4180} INFO - Setting next_dagrun for example_skip_dag to 2024-11-24 00:00:00+00:00, run_after=2024-11-25 00:00:00+00:00
[2024-11-25T08:09:41.362+0000] {processor.py:208} INFO - Processing /home/airflow/.local/lib/python3.12/site-packages/airflow/example_dags/example_skip_dag.py took 0.208 seconds
[2024-11-25T08:10:12.574+0000] {processor.py:186} INFO - Started process (PID=406) to work on /home/airflow/.local/lib/python3.12/site-packages/airflow/example_dags/example_skip_dag.py
[2024-11-25T08:10:12.575+0000] {processor.py:914} INFO - Processing file /home/airflow/.local/lib/python3.12/site-packages/airflow/example_dags/example_skip_dag.py for tasks to queue
[2024-11-25T08:10:12.578+0000] {logging_mixin.py:190} INFO - [2024-11-25T08:10:12.577+0000] {dagbag.py:588} INFO - Filling up the DagBag from /home/airflow/.local/lib/python3.12/site-packages/airflow/example_dags/example_skip_dag.py
[2024-11-25T08:10:12.587+0000] {processor.py:925} INFO - DAG(s) 'example_skip_dag' retrieved from /home/airflow/.local/lib/python3.12/site-packages/airflow/example_dags/example_skip_dag.py
[2024-11-25T08:10:12.614+0000] {logging_mixin.py:190} INFO - [2024-11-25T08:10:12.614+0000] {dag.py:3239} INFO - Sync 1 DAGs
[2024-11-25T08:10:12.645+0000] {logging_mixin.py:190} INFO - [2024-11-25T08:10:12.645+0000] {dag.py:4180} INFO - Setting next_dagrun for example_skip_dag to 2024-11-24 00:00:00+00:00, run_after=2024-11-25 00:00:00+00:00
[2024-11-25T08:10:12.669+0000] {processor.py:208} INFO - Processing /home/airflow/.local/lib/python3.12/site-packages/airflow/example_dags/example_skip_dag.py took 0.104 seconds
[2024-11-25T08:10:45.922+0000] {processor.py:186} INFO - Started process (PID=479) to work on /home/airflow/.local/lib/python3.12/site-packages/airflow/example_dags/example_skip_dag.py
[2024-11-25T08:10:45.927+0000] {processor.py:914} INFO - Processing file /home/airflow/.local/lib/python3.12/site-packages/airflow/example_dags/example_skip_dag.py for tasks to queue
[2024-11-25T08:10:45.931+0000] {logging_mixin.py:190} INFO - [2024-11-25T08:10:45.930+0000] {dagbag.py:588} INFO - Filling up the DagBag from /home/airflow/.local/lib/python3.12/site-packages/airflow/example_dags/example_skip_dag.py
[2024-11-25T08:10:45.948+0000] {processor.py:925} INFO - DAG(s) 'example_skip_dag' retrieved from /home/airflow/.local/lib/python3.12/site-packages/airflow/example_dags/example_skip_dag.py
[2024-11-25T08:10:45.996+0000] {logging_mixin.py:190} INFO - [2024-11-25T08:10:45.996+0000] {dag.py:3239} INFO - Sync 1 DAGs
[2024-11-25T08:10:46.052+0000] {logging_mixin.py:190} INFO - [2024-11-25T08:10:46.051+0000] {dag.py:4180} INFO - Setting next_dagrun for example_skip_dag to 2024-11-24 00:00:00+00:00, run_after=2024-11-25 00:00:00+00:00
[2024-11-25T08:10:46.118+0000] {processor.py:208} INFO - Processing /home/airflow/.local/lib/python3.12/site-packages/airflow/example_dags/example_skip_dag.py took 0.220 seconds
