[2024-11-25T08:08:14.080+0000] {processor.py:186} INFO - Started process (PID=108) to work on /home/airflow/.local/lib/python3.12/site-packages/airflow/example_dags/example_bash_operator.py
[2024-11-25T08:08:14.081+0000] {processor.py:914} INFO - Processing file /home/airflow/.local/lib/python3.12/site-packages/airflow/example_dags/example_bash_operator.py for tasks to queue
[2024-11-25T08:08:14.085+0000] {logging_mixin.py:190} INFO - [2024-11-25T08:08:14.084+0000] {dagbag.py:588} INFO - Filling up the DagBag from /home/airflow/.local/lib/python3.12/site-packages/airflow/example_dags/example_bash_operator.py
[2024-11-25T08:08:14.111+0000] {processor.py:925} INFO - DAG(s) 'example_bash_operator' retrieved from /home/airflow/.local/lib/python3.12/site-packages/airflow/example_dags/example_bash_operator.py
[2024-11-25T08:08:14.176+0000] {logging_mixin.py:190} INFO - [2024-11-25T08:08:14.175+0000] {dag.py:3239} INFO - Sync 1 DAGs
[2024-11-25T08:08:14.233+0000] {logging_mixin.py:190} INFO - [2024-11-25T08:08:14.232+0000] {dag.py:4180} INFO - Setting next_dagrun for example_bash_operator to 2024-11-24 00:00:00+00:00, run_after=2024-11-25 00:00:00+00:00
[2024-11-25T08:08:14.270+0000] {processor.py:208} INFO - Processing /home/airflow/.local/lib/python3.12/site-packages/airflow/example_dags/example_bash_operator.py took 0.198 seconds
[2024-11-25T08:08:29.534+0000] {processor.py:186} INFO - Started process (PID=163) to work on /home/airflow/.local/lib/python3.12/site-packages/airflow/example_dags/example_bash_operator.py
[2024-11-25T08:08:29.535+0000] {processor.py:914} INFO - Processing file /home/airflow/.local/lib/python3.12/site-packages/airflow/example_dags/example_bash_operator.py for tasks to queue
[2024-11-25T08:08:29.539+0000] {logging_mixin.py:190} INFO - [2024-11-25T08:08:29.538+0000] {dagbag.py:588} INFO - Filling up the DagBag from /home/airflow/.local/lib/python3.12/site-packages/airflow/example_dags/example_bash_operator.py
[2024-11-25T08:08:29.556+0000] {processor.py:925} INFO - DAG(s) 'example_bash_operator' retrieved from /home/airflow/.local/lib/python3.12/site-packages/airflow/example_dags/example_bash_operator.py
[2024-11-25T08:08:29.603+0000] {logging_mixin.py:190} INFO - [2024-11-25T08:08:29.602+0000] {dag.py:3239} INFO - Sync 1 DAGs
[2024-11-25T08:08:29.644+0000] {logging_mixin.py:190} INFO - [2024-11-25T08:08:29.644+0000] {dag.py:4180} INFO - Setting next_dagrun for example_bash_operator to 2024-11-24 00:00:00+00:00, run_after=2024-11-25 00:00:00+00:00
[2024-11-25T08:08:29.673+0000] {processor.py:208} INFO - Processing /home/airflow/.local/lib/python3.12/site-packages/airflow/example_dags/example_bash_operator.py took 0.147 seconds
[2024-11-25T08:10:24.742+0000] {processor.py:186} INFO - Started process (PID=223) to work on /home/airflow/.local/lib/python3.12/site-packages/airflow/example_dags/example_bash_operator.py
[2024-11-25T08:10:24.743+0000] {processor.py:914} INFO - Processing file /home/airflow/.local/lib/python3.12/site-packages/airflow/example_dags/example_bash_operator.py for tasks to queue
[2024-11-25T08:10:24.745+0000] {logging_mixin.py:190} INFO - [2024-11-25T08:10:24.745+0000] {dagbag.py:588} INFO - Filling up the DagBag from /home/airflow/.local/lib/python3.12/site-packages/airflow/example_dags/example_bash_operator.py
[2024-11-25T08:10:24.761+0000] {processor.py:925} INFO - DAG(s) 'example_bash_operator' retrieved from /home/airflow/.local/lib/python3.12/site-packages/airflow/example_dags/example_bash_operator.py
[2024-11-25T08:10:24.800+0000] {logging_mixin.py:190} INFO - [2024-11-25T08:10:24.799+0000] {dag.py:3239} INFO - Sync 1 DAGs
[2024-11-25T08:10:24.835+0000] {logging_mixin.py:190} INFO - [2024-11-25T08:10:24.834+0000] {dag.py:4180} INFO - Setting next_dagrun for example_bash_operator to 2024-11-24 00:00:00+00:00, run_after=2024-11-25 00:00:00+00:00
[2024-11-25T08:09:00.664+0000] {processor.py:208} INFO - Processing /home/airflow/.local/lib/python3.12/site-packages/airflow/example_dags/example_bash_operator.py took 0.133 seconds
[2024-11-25T08:09:08.934+0000] {processor.py:186} INFO - Started process (PID=282) to work on /home/airflow/.local/lib/python3.12/site-packages/airflow/example_dags/example_bash_operator.py
[2024-11-25T08:09:08.936+0000] {processor.py:914} INFO - Processing file /home/airflow/.local/lib/python3.12/site-packages/airflow/example_dags/example_bash_operator.py for tasks to queue
[2024-11-25T08:09:08.940+0000] {logging_mixin.py:190} INFO - [2024-11-25T08:09:08.939+0000] {dagbag.py:588} INFO - Filling up the DagBag from /home/airflow/.local/lib/python3.12/site-packages/airflow/example_dags/example_bash_operator.py
[2024-11-25T08:09:08.959+0000] {processor.py:925} INFO - DAG(s) 'example_bash_operator' retrieved from /home/airflow/.local/lib/python3.12/site-packages/airflow/example_dags/example_bash_operator.py
[2024-11-25T08:09:08.993+0000] {logging_mixin.py:190} INFO - [2024-11-25T08:09:08.993+0000] {dag.py:3239} INFO - Sync 1 DAGs
[2024-11-25T08:09:09.023+0000] {logging_mixin.py:190} INFO - [2024-11-25T08:09:09.023+0000] {dag.py:4180} INFO - Setting next_dagrun for example_bash_operator to 2024-11-24 00:00:00+00:00, run_after=2024-11-25 00:00:00+00:00
[2024-11-25T08:09:09.048+0000] {processor.py:208} INFO - Processing /home/airflow/.local/lib/python3.12/site-packages/airflow/example_dags/example_bash_operator.py took 0.121 seconds
[2024-11-25T08:09:40.780+0000] {processor.py:186} INFO - Started process (PID=343) to work on /home/airflow/.local/lib/python3.12/site-packages/airflow/example_dags/example_bash_operator.py
[2024-11-25T08:09:40.782+0000] {processor.py:914} INFO - Processing file /home/airflow/.local/lib/python3.12/site-packages/airflow/example_dags/example_bash_operator.py for tasks to queue
[2024-11-25T08:09:40.786+0000] {logging_mixin.py:190} INFO - [2024-11-25T08:09:40.785+0000] {dagbag.py:588} INFO - Filling up the DagBag from /home/airflow/.local/lib/python3.12/site-packages/airflow/example_dags/example_bash_operator.py
[2024-11-25T08:09:40.806+0000] {processor.py:925} INFO - DAG(s) 'example_bash_operator' retrieved from /home/airflow/.local/lib/python3.12/site-packages/airflow/example_dags/example_bash_operator.py
[2024-11-25T08:09:40.858+0000] {logging_mixin.py:190} INFO - [2024-11-25T08:09:40.857+0000] {dag.py:3239} INFO - Sync 1 DAGs
[2024-11-25T08:09:40.909+0000] {logging_mixin.py:190} INFO - [2024-11-25T08:09:40.908+0000] {dag.py:4180} INFO - Setting next_dagrun for example_bash_operator to 2024-11-24 00:00:00+00:00, run_after=2024-11-25 00:00:00+00:00
[2024-11-25T08:09:40.946+0000] {processor.py:208} INFO - Processing /home/airflow/.local/lib/python3.12/site-packages/airflow/example_dags/example_bash_operator.py took 0.180 seconds
[2024-11-25T08:10:12.275+0000] {processor.py:186} INFO - Started process (PID=403) to work on /home/airflow/.local/lib/python3.12/site-packages/airflow/example_dags/example_bash_operator.py
[2024-11-25T08:10:12.277+0000] {processor.py:914} INFO - Processing file /home/airflow/.local/lib/python3.12/site-packages/airflow/example_dags/example_bash_operator.py for tasks to queue
[2024-11-25T08:10:12.280+0000] {logging_mixin.py:190} INFO - [2024-11-25T08:10:12.279+0000] {dagbag.py:588} INFO - Filling up the DagBag from /home/airflow/.local/lib/python3.12/site-packages/airflow/example_dags/example_bash_operator.py
[2024-11-25T08:10:12.299+0000] {processor.py:925} INFO - DAG(s) 'example_bash_operator' retrieved from /home/airflow/.local/lib/python3.12/site-packages/airflow/example_dags/example_bash_operator.py
[2024-11-25T08:10:12.342+0000] {logging_mixin.py:190} INFO - [2024-11-25T08:10:12.342+0000] {dag.py:3239} INFO - Sync 1 DAGs
[2024-11-25T08:10:12.374+0000] {logging_mixin.py:190} INFO - [2024-11-25T08:10:12.374+0000] {dag.py:4180} INFO - Setting next_dagrun for example_bash_operator to 2024-11-24 00:00:00+00:00, run_after=2024-11-25 00:00:00+00:00
[2024-11-25T08:10:12.398+0000] {processor.py:208} INFO - Processing /home/airflow/.local/lib/python3.12/site-packages/airflow/example_dags/example_bash_operator.py took 0.130 seconds
[2024-11-25T08:10:44.650+0000] {processor.py:186} INFO - Started process (PID=475) to work on /home/airflow/.local/lib/python3.12/site-packages/airflow/example_dags/example_bash_operator.py
[2024-11-25T08:10:44.652+0000] {processor.py:914} INFO - Processing file /home/airflow/.local/lib/python3.12/site-packages/airflow/example_dags/example_bash_operator.py for tasks to queue
[2024-11-25T08:10:44.656+0000] {logging_mixin.py:190} INFO - [2024-11-25T08:10:44.655+0000] {dagbag.py:588} INFO - Filling up the DagBag from /home/airflow/.local/lib/python3.12/site-packages/airflow/example_dags/example_bash_operator.py
[2024-11-25T08:10:44.681+0000] {processor.py:925} INFO - DAG(s) 'example_bash_operator' retrieved from /home/airflow/.local/lib/python3.12/site-packages/airflow/example_dags/example_bash_operator.py
[2024-11-25T08:10:44.740+0000] {logging_mixin.py:190} INFO - [2024-11-25T08:10:44.739+0000] {dag.py:3239} INFO - Sync 1 DAGs
[2024-11-25T08:10:44.794+0000] {logging_mixin.py:190} INFO - [2024-11-25T08:10:44.793+0000] {dag.py:4180} INFO - Setting next_dagrun for example_bash_operator to 2024-11-24 00:00:00+00:00, run_after=2024-11-25 00:00:00+00:00
[2024-11-25T08:10:44.836+0000] {processor.py:208} INFO - Processing /home/airflow/.local/lib/python3.12/site-packages/airflow/example_dags/example_bash_operator.py took 0.196 seconds
