[2024-11-25T08:09:39.754+0000] {processor.py:186} INFO - Started process (PID=115) to work on /home/airflow/.local/lib/python3.12/site-packages/airflow/example_dags/example_branch_operator.py
[2024-11-25T08:09:39.755+0000] {processor.py:914} INFO - Processing file /home/airflow/.local/lib/python3.12/site-packages/airflow/example_dags/example_branch_operator.py for tasks to queue
[2024-11-25T08:09:39.760+0000] {logging_mixin.py:190} INFO - [2024-11-25T08:09:39.759+0000] {dagbag.py:588} INFO - Filling up the DagBag from /home/airflow/.local/lib/python3.12/site-packages/airflow/example_dags/example_branch_operator.py
[2024-11-25T08:08:15.614+0000] {processor.py:925} INFO - DAG(s) 'example_branch_operator' retrieved from /home/airflow/.local/lib/python3.12/site-packages/airflow/example_dags/example_branch_operator.py
[2024-11-25T08:08:15.918+0000] {logging_mixin.py:190} INFO - [2024-11-25T08:08:15.917+0000] {dag.py:3239} INFO - Sync 1 DAGs
[2024-11-25T08:08:15.972+0000] {logging_mixin.py:190} INFO - [2024-11-25T08:08:15.970+0000] {dag.py:4180} INFO - Setting next_dagrun for example_branch_operator to 2024-11-24 00:00:00+00:00, run_after=2024-11-25 00:00:00+00:00
[2024-11-25T08:08:16.012+0000] {processor.py:208} INFO - Processing /home/airflow/.local/lib/python3.12/site-packages/airflow/example_dags/example_branch_operator.py took 0.481 seconds
[2024-11-25T08:08:29.993+0000] {processor.py:186} INFO - Started process (PID=168) to work on /home/airflow/.local/lib/python3.12/site-packages/airflow/example_dags/example_branch_operator.py
[2024-11-25T08:08:29.994+0000] {processor.py:914} INFO - Processing file /home/airflow/.local/lib/python3.12/site-packages/airflow/example_dags/example_branch_operator.py for tasks to queue
[2024-11-25T08:08:29.997+0000] {logging_mixin.py:190} INFO - [2024-11-25T08:08:29.996+0000] {dagbag.py:588} INFO - Filling up the DagBag from /home/airflow/.local/lib/python3.12/site-packages/airflow/example_dags/example_branch_operator.py
[2024-11-25T08:08:30.027+0000] {processor.py:925} INFO - DAG(s) 'example_branch_operator' retrieved from /home/airflow/.local/lib/python3.12/site-packages/airflow/example_dags/example_branch_operator.py
[2024-11-25T08:08:30.048+0000] {logging_mixin.py:190} INFO - [2024-11-25T08:08:30.048+0000] {dag.py:3239} INFO - Sync 1 DAGs
[2024-11-25T08:08:30.084+0000] {logging_mixin.py:190} INFO - [2024-11-25T08:08:30.083+0000] {dag.py:4180} INFO - Setting next_dagrun for example_branch_operator to 2024-11-24 00:00:00+00:00, run_after=2024-11-25 00:00:00+00:00
[2024-11-25T08:08:30.113+0000] {processor.py:208} INFO - Processing /home/airflow/.local/lib/python3.12/site-packages/airflow/example_dags/example_branch_operator.py took 0.130 seconds
[2024-11-25T08:09:01.989+0000] {processor.py:186} INFO - Started process (PID=230) to work on /home/airflow/.local/lib/python3.12/site-packages/airflow/example_dags/example_branch_operator.py
[2024-11-25T08:09:01.990+0000] {processor.py:914} INFO - Processing file /home/airflow/.local/lib/python3.12/site-packages/airflow/example_dags/example_branch_operator.py for tasks to queue
[2024-11-25T08:09:01.992+0000] {logging_mixin.py:190} INFO - [2024-11-25T08:09:01.992+0000] {dagbag.py:588} INFO - Filling up the DagBag from /home/airflow/.local/lib/python3.12/site-packages/airflow/example_dags/example_branch_operator.py
[2024-11-25T08:09:02.013+0000] {processor.py:925} INFO - DAG(s) 'example_branch_operator' retrieved from /home/airflow/.local/lib/python3.12/site-packages/airflow/example_dags/example_branch_operator.py
[2024-11-25T08:09:02.047+0000] {logging_mixin.py:190} INFO - [2024-11-25T08:09:02.047+0000] {dag.py:3239} INFO - Sync 1 DAGs
[2024-11-25T08:09:02.078+0000] {logging_mixin.py:190} INFO - [2024-11-25T08:09:02.078+0000] {dag.py:4180} INFO - Setting next_dagrun for example_branch_operator to 2024-11-24 00:00:00+00:00, run_after=2024-11-25 00:00:00+00:00
[2024-11-25T08:09:02.103+0000] {processor.py:208} INFO - Processing /home/airflow/.local/lib/python3.12/site-packages/airflow/example_dags/example_branch_operator.py took 0.121 seconds
[2024-11-25T08:09:09.673+0000] {processor.py:186} INFO - Started process (PID=289) to work on /home/airflow/.local/lib/python3.12/site-packages/airflow/example_dags/example_branch_operator.py
[2024-11-25T08:09:09.674+0000] {processor.py:914} INFO - Processing file /home/airflow/.local/lib/python3.12/site-packages/airflow/example_dags/example_branch_operator.py for tasks to queue
[2024-11-25T08:09:09.677+0000] {logging_mixin.py:190} INFO - [2024-11-25T08:09:09.676+0000] {dagbag.py:588} INFO - Filling up the DagBag from /home/airflow/.local/lib/python3.12/site-packages/airflow/example_dags/example_branch_operator.py
[2024-11-25T08:09:09.709+0000] {processor.py:925} INFO - DAG(s) 'example_branch_operator' retrieved from /home/airflow/.local/lib/python3.12/site-packages/airflow/example_dags/example_branch_operator.py
[2024-11-25T08:09:09.766+0000] {logging_mixin.py:190} INFO - [2024-11-25T08:09:09.766+0000] {dag.py:3239} INFO - Sync 1 DAGs
[2024-11-25T08:09:09.813+0000] {logging_mixin.py:190} INFO - [2024-11-25T08:09:09.812+0000] {dag.py:4180} INFO - Setting next_dagrun for example_branch_operator to 2024-11-24 00:00:00+00:00, run_after=2024-11-25 00:00:00+00:00
[2024-11-25T08:09:09.841+0000] {processor.py:208} INFO - Processing /home/airflow/.local/lib/python3.12/site-packages/airflow/example_dags/example_branch_operator.py took 0.174 seconds
[2024-11-25T08:09:41.804+0000] {processor.py:186} INFO - Started process (PID=350) to work on /home/airflow/.local/lib/python3.12/site-packages/airflow/example_dags/example_branch_operator.py
[2024-11-25T08:09:41.806+0000] {processor.py:914} INFO - Processing file /home/airflow/.local/lib/python3.12/site-packages/airflow/example_dags/example_branch_operator.py for tasks to queue
[2024-11-25T08:09:41.812+0000] {logging_mixin.py:190} INFO - [2024-11-25T08:09:41.811+0000] {dagbag.py:588} INFO - Filling up the DagBag from /home/airflow/.local/lib/python3.12/site-packages/airflow/example_dags/example_branch_operator.py
[2024-11-25T08:09:41.853+0000] {processor.py:925} INFO - DAG(s) 'example_branch_operator' retrieved from /home/airflow/.local/lib/python3.12/site-packages/airflow/example_dags/example_branch_operator.py
[2024-11-25T08:09:41.934+0000] {logging_mixin.py:190} INFO - [2024-11-25T08:09:41.934+0000] {dag.py:3239} INFO - Sync 1 DAGs
[2024-11-25T08:09:41.976+0000] {logging_mixin.py:190} INFO - [2024-11-25T08:09:41.976+0000] {dag.py:4180} INFO - Setting next_dagrun for example_branch_operator to 2024-11-24 00:00:00+00:00, run_after=2024-11-25 00:00:00+00:00
[2024-11-25T08:09:42.015+0000] {processor.py:208} INFO - Processing /home/airflow/.local/lib/python3.12/site-packages/airflow/example_dags/example_branch_operator.py took 0.226 seconds
[2024-11-25T08:10:12.923+0000] {processor.py:186} INFO - Started process (PID=409) to work on /home/airflow/.local/lib/python3.12/site-packages/airflow/example_dags/example_branch_operator.py
[2024-11-25T08:10:12.925+0000] {processor.py:914} INFO - Processing file /home/airflow/.local/lib/python3.12/site-packages/airflow/example_dags/example_branch_operator.py for tasks to queue
[2024-11-25T08:10:12.929+0000] {logging_mixin.py:190} INFO - [2024-11-25T08:10:12.928+0000] {dagbag.py:588} INFO - Filling up the DagBag from /home/airflow/.local/lib/python3.12/site-packages/airflow/example_dags/example_branch_operator.py
[2024-11-25T08:10:12.963+0000] {processor.py:925} INFO - DAG(s) 'example_branch_operator' retrieved from /home/airflow/.local/lib/python3.12/site-packages/airflow/example_dags/example_branch_operator.py
[2024-11-25T08:10:13.011+0000] {logging_mixin.py:190} INFO - [2024-11-25T08:10:13.011+0000] {dag.py:3239} INFO - Sync 1 DAGs
[2024-11-25T08:10:13.045+0000] {logging_mixin.py:190} INFO - [2024-11-25T08:10:13.044+0000] {dag.py:4180} INFO - Setting next_dagrun for example_branch_operator to 2024-11-24 00:00:00+00:00, run_after=2024-11-25 00:00:00+00:00
[2024-11-25T08:10:13.070+0000] {processor.py:208} INFO - Processing /home/airflow/.local/lib/python3.12/site-packages/airflow/example_dags/example_branch_operator.py took 0.155 seconds
[2024-11-25T08:10:46.794+0000] {processor.py:186} INFO - Started process (PID=482) to work on /home/airflow/.local/lib/python3.12/site-packages/airflow/example_dags/example_branch_operator.py
[2024-11-25T08:10:46.798+0000] {processor.py:914} INFO - Processing file /home/airflow/.local/lib/python3.12/site-packages/airflow/example_dags/example_branch_operator.py for tasks to queue
[2024-11-25T08:10:46.809+0000] {logging_mixin.py:190} INFO - [2024-11-25T08:10:46.804+0000] {dagbag.py:588} INFO - Filling up the DagBag from /home/airflow/.local/lib/python3.12/site-packages/airflow/example_dags/example_branch_operator.py
[2024-11-25T08:10:46.917+0000] {processor.py:925} INFO - DAG(s) 'example_branch_operator' retrieved from /home/airflow/.local/lib/python3.12/site-packages/airflow/example_dags/example_branch_operator.py
[2024-11-25T08:10:47.061+0000] {logging_mixin.py:190} INFO - [2024-11-25T08:10:47.060+0000] {dag.py:3239} INFO - Sync 1 DAGs
[2024-11-25T08:10:47.335+0000] {logging_mixin.py:190} INFO - [2024-11-25T08:10:47.334+0000] {dag.py:4180} INFO - Setting next_dagrun for example_branch_operator to 2024-11-24 00:00:00+00:00, run_after=2024-11-25 00:00:00+00:00
[2024-11-25T08:10:47.574+0000] {processor.py:208} INFO - Processing /home/airflow/.local/lib/python3.12/site-packages/airflow/example_dags/example_branch_operator.py took 0.831 seconds
