[2024-11-25T08:08:02.227+0000] {processor.py:186} INFO - Started process (PID=72) to work on /home/airflow/.local/lib/python3.12/site-packages/airflow/example_dags/example_external_task_marker_dag.py
[2024-11-25T08:08:02.304+0000] {processor.py:914} INFO - Processing file /home/airflow/.local/lib/python3.12/site-packages/airflow/example_dags/example_external_task_marker_dag.py for tasks to queue
[2024-11-25T08:08:02.357+0000] {logging_mixin.py:190} INFO - [2024-11-25T08:08:02.356+0000] {dagbag.py:588} INFO - Filling up the DagBag from /home/airflow/.local/lib/python3.12/site-packages/airflow/example_dags/example_external_task_marker_dag.py
[2024-11-25T08:08:02.451+0000] {processor.py:925} INFO - DAG(s) 'example_external_task_marker_parent', 'example_external_task_marker_child' retrieved from /home/airflow/.local/lib/python3.12/site-packages/airflow/example_dags/example_external_task_marker_dag.py
[2024-11-25T08:08:02.707+0000] {logging_mixin.py:190} INFO - [2024-11-25T08:08:02.702+0000] {dag.py:3239} INFO - Sync 2 DAGs
[2024-11-25T08:08:02.959+0000] {logging_mixin.py:190} INFO - [2024-11-25T08:08:02.958+0000] {dag.py:4180} INFO - Setting next_dagrun for example_external_task_marker_child to None, run_after=None
[2024-11-25T08:08:02.973+0000] {logging_mixin.py:190} INFO - [2024-11-25T08:08:02.973+0000] {dag.py:4180} INFO - Setting next_dagrun for example_external_task_marker_parent to None, run_after=None
[2024-11-25T08:08:03.060+0000] {processor.py:208} INFO - Processing /home/airflow/.local/lib/python3.12/site-packages/airflow/example_dags/example_external_task_marker_dag.py took 0.951 seconds
[2024-11-25T08:09:50.283+0000] {processor.py:186} INFO - Started process (PID=134) to work on /home/airflow/.local/lib/python3.12/site-packages/airflow/example_dags/example_external_task_marker_dag.py
[2024-11-25T08:09:50.285+0000] {processor.py:914} INFO - Processing file /home/airflow/.local/lib/python3.12/site-packages/airflow/example_dags/example_external_task_marker_dag.py for tasks to queue
[2024-11-25T08:09:50.292+0000] {logging_mixin.py:190} INFO - [2024-11-25T08:09:50.291+0000] {dagbag.py:588} INFO - Filling up the DagBag from /home/airflow/.local/lib/python3.12/site-packages/airflow/example_dags/example_external_task_marker_dag.py
[2024-11-25T08:09:50.307+0000] {processor.py:925} INFO - DAG(s) 'example_external_task_marker_child', 'example_external_task_marker_parent' retrieved from /home/airflow/.local/lib/python3.12/site-packages/airflow/example_dags/example_external_task_marker_dag.py
[2024-11-25T08:08:26.168+0000] {logging_mixin.py:190} INFO - [2024-11-25T08:08:26.167+0000] {dag.py:3239} INFO - Sync 2 DAGs
[2024-11-25T08:08:26.204+0000] {logging_mixin.py:190} INFO - [2024-11-25T08:08:26.204+0000] {dag.py:4180} INFO - Setting next_dagrun for example_external_task_marker_child to None, run_after=None
[2024-11-25T08:08:26.213+0000] {logging_mixin.py:190} INFO - [2024-11-25T08:08:26.212+0000] {dag.py:4180} INFO - Setting next_dagrun for example_external_task_marker_parent to None, run_after=None
[2024-11-25T08:08:26.253+0000] {processor.py:208} INFO - Processing /home/airflow/.local/lib/python3.12/site-packages/airflow/example_dags/example_external_task_marker_dag.py took 0.179 seconds
[2024-11-25T08:08:56.185+0000] {processor.py:186} INFO - Started process (PID=192) to work on /home/airflow/.local/lib/python3.12/site-packages/airflow/example_dags/example_external_task_marker_dag.py
[2024-11-25T08:08:56.191+0000] {processor.py:914} INFO - Processing file /home/airflow/.local/lib/python3.12/site-packages/airflow/example_dags/example_external_task_marker_dag.py for tasks to queue
[2024-11-25T08:08:56.199+0000] {logging_mixin.py:190} INFO - [2024-11-25T08:08:56.195+0000] {dagbag.py:588} INFO - Filling up the DagBag from /home/airflow/.local/lib/python3.12/site-packages/airflow/example_dags/example_external_task_marker_dag.py
[2024-11-25T08:08:56.214+0000] {processor.py:925} INFO - DAG(s) 'example_external_task_marker_child', 'example_external_task_marker_parent' retrieved from /home/airflow/.local/lib/python3.12/site-packages/airflow/example_dags/example_external_task_marker_dag.py
[2024-11-25T08:08:56.252+0000] {logging_mixin.py:190} INFO - [2024-11-25T08:08:56.251+0000] {dag.py:3239} INFO - Sync 2 DAGs
[2024-11-25T08:08:56.280+0000] {logging_mixin.py:190} INFO - [2024-11-25T08:08:56.280+0000] {dag.py:4180} INFO - Setting next_dagrun for example_external_task_marker_child to None, run_after=None
[2024-11-25T08:08:56.286+0000] {logging_mixin.py:190} INFO - [2024-11-25T08:08:56.285+0000] {dag.py:4180} INFO - Setting next_dagrun for example_external_task_marker_parent to None, run_after=None
[2024-11-25T08:08:56.308+0000] {processor.py:208} INFO - Processing /home/airflow/.local/lib/python3.12/site-packages/airflow/example_dags/example_external_task_marker_dag.py took 0.134 seconds
[2024-11-25T08:10:29.758+0000] {processor.py:186} INFO - Started process (PID=247) to work on /home/airflow/.local/lib/python3.12/site-packages/airflow/example_dags/example_external_task_marker_dag.py
[2024-11-25T08:10:29.759+0000] {processor.py:914} INFO - Processing file /home/airflow/.local/lib/python3.12/site-packages/airflow/example_dags/example_external_task_marker_dag.py for tasks to queue
[2024-11-25T08:10:29.763+0000] {logging_mixin.py:190} INFO - [2024-11-25T08:10:29.762+0000] {dagbag.py:588} INFO - Filling up the DagBag from /home/airflow/.local/lib/python3.12/site-packages/airflow/example_dags/example_external_task_marker_dag.py
[2024-11-25T08:10:29.779+0000] {processor.py:925} INFO - DAG(s) 'example_external_task_marker_parent', 'example_external_task_marker_child' retrieved from /home/airflow/.local/lib/python3.12/site-packages/airflow/example_dags/example_external_task_marker_dag.py
[2024-11-25T08:10:29.826+0000] {logging_mixin.py:190} INFO - [2024-11-25T08:10:29.825+0000] {dag.py:3239} INFO - Sync 2 DAGs
[2024-11-25T08:09:05.655+0000] {logging_mixin.py:190} INFO - [2024-11-25T08:09:05.654+0000] {dag.py:4180} INFO - Setting next_dagrun for example_external_task_marker_child to None, run_after=None
[2024-11-25T08:09:05.664+0000] {logging_mixin.py:190} INFO - [2024-11-25T08:09:05.663+0000] {dag.py:4180} INFO - Setting next_dagrun for example_external_task_marker_parent to None, run_after=None
[2024-11-25T08:09:05.703+0000] {processor.py:208} INFO - Processing /home/airflow/.local/lib/python3.12/site-packages/airflow/example_dags/example_external_task_marker_dag.py took 0.156 seconds
[2024-11-25T08:09:36.326+0000] {processor.py:186} INFO - Started process (PID=308) to work on /home/airflow/.local/lib/python3.12/site-packages/airflow/example_dags/example_external_task_marker_dag.py
[2024-11-25T08:09:36.327+0000] {processor.py:914} INFO - Processing file /home/airflow/.local/lib/python3.12/site-packages/airflow/example_dags/example_external_task_marker_dag.py for tasks to queue
[2024-11-25T08:09:36.332+0000] {logging_mixin.py:190} INFO - [2024-11-25T08:09:36.331+0000] {dagbag.py:588} INFO - Filling up the DagBag from /home/airflow/.local/lib/python3.12/site-packages/airflow/example_dags/example_external_task_marker_dag.py
[2024-11-25T08:09:36.351+0000] {processor.py:925} INFO - DAG(s) 'example_external_task_marker_parent', 'example_external_task_marker_child' retrieved from /home/airflow/.local/lib/python3.12/site-packages/airflow/example_dags/example_external_task_marker_dag.py
[2024-11-25T08:09:36.407+0000] {logging_mixin.py:190} INFO - [2024-11-25T08:09:36.406+0000] {dag.py:3239} INFO - Sync 2 DAGs
[2024-11-25T08:09:36.453+0000] {logging_mixin.py:190} INFO - [2024-11-25T08:09:36.452+0000] {dag.py:4180} INFO - Setting next_dagrun for example_external_task_marker_child to None, run_after=None
[2024-11-25T08:09:36.468+0000] {logging_mixin.py:190} INFO - [2024-11-25T08:09:36.467+0000] {dag.py:4180} INFO - Setting next_dagrun for example_external_task_marker_parent to None, run_after=None
[2024-11-25T08:09:36.520+0000] {processor.py:208} INFO - Processing /home/airflow/.local/lib/python3.12/site-packages/airflow/example_dags/example_external_task_marker_dag.py took 0.215 seconds
[2024-11-25T08:10:07.020+0000] {processor.py:186} INFO - Started process (PID=369) to work on /home/airflow/.local/lib/python3.12/site-packages/airflow/example_dags/example_external_task_marker_dag.py
[2024-11-25T08:10:07.022+0000] {processor.py:914} INFO - Processing file /home/airflow/.local/lib/python3.12/site-packages/airflow/example_dags/example_external_task_marker_dag.py for tasks to queue
[2024-11-25T08:10:07.026+0000] {logging_mixin.py:190} INFO - [2024-11-25T08:10:07.025+0000] {dagbag.py:588} INFO - Filling up the DagBag from /home/airflow/.local/lib/python3.12/site-packages/airflow/example_dags/example_external_task_marker_dag.py
[2024-11-25T08:10:07.049+0000] {processor.py:925} INFO - DAG(s) 'example_external_task_marker_parent', 'example_external_task_marker_child' retrieved from /home/airflow/.local/lib/python3.12/site-packages/airflow/example_dags/example_external_task_marker_dag.py
[2024-11-25T08:10:07.131+0000] {logging_mixin.py:190} INFO - [2024-11-25T08:10:07.130+0000] {dag.py:3239} INFO - Sync 2 DAGs
[2024-11-25T08:10:07.185+0000] {logging_mixin.py:190} INFO - [2024-11-25T08:10:07.184+0000] {dag.py:4180} INFO - Setting next_dagrun for example_external_task_marker_child to None, run_after=None
[2024-11-25T08:10:07.204+0000] {logging_mixin.py:190} INFO - [2024-11-25T08:10:07.204+0000] {dag.py:4180} INFO - Setting next_dagrun for example_external_task_marker_parent to None, run_after=None
[2024-11-25T08:10:07.274+0000] {processor.py:208} INFO - Processing /home/airflow/.local/lib/python3.12/site-packages/airflow/example_dags/example_external_task_marker_dag.py took 0.264 seconds
[2024-11-25T08:10:37.503+0000] {processor.py:186} INFO - Started process (PID=427) to work on /home/airflow/.local/lib/python3.12/site-packages/airflow/example_dags/example_external_task_marker_dag.py
[2024-11-25T08:10:37.504+0000] {processor.py:914} INFO - Processing file /home/airflow/.local/lib/python3.12/site-packages/airflow/example_dags/example_external_task_marker_dag.py for tasks to queue
[2024-11-25T08:10:37.506+0000] {logging_mixin.py:190} INFO - [2024-11-25T08:10:37.506+0000] {dagbag.py:588} INFO - Filling up the DagBag from /home/airflow/.local/lib/python3.12/site-packages/airflow/example_dags/example_external_task_marker_dag.py
[2024-11-25T08:10:37.517+0000] {processor.py:925} INFO - DAG(s) 'example_external_task_marker_parent', 'example_external_task_marker_child' retrieved from /home/airflow/.local/lib/python3.12/site-packages/airflow/example_dags/example_external_task_marker_dag.py
[2024-11-25T08:10:37.553+0000] {logging_mixin.py:190} INFO - [2024-11-25T08:10:37.553+0000] {dag.py:3239} INFO - Sync 2 DAGs
[2024-11-25T08:10:37.579+0000] {logging_mixin.py:190} INFO - [2024-11-25T08:10:37.578+0000] {dag.py:4180} INFO - Setting next_dagrun for example_external_task_marker_child to None, run_after=None
[2024-11-25T08:10:37.586+0000] {logging_mixin.py:190} INFO - [2024-11-25T08:10:37.586+0000] {dag.py:4180} INFO - Setting next_dagrun for example_external_task_marker_parent to None, run_after=None
[2024-11-25T08:10:37.610+0000] {processor.py:208} INFO - Processing /home/airflow/.local/lib/python3.12/site-packages/airflow/example_dags/example_external_task_marker_dag.py took 0.114 seconds
[2024-11-25T08:12:04.914+0000] {processor.py:186} INFO - Started process (PID=448) to work on /home/airflow/.local/lib/python3.12/site-packages/airflow/example_dags/example_external_task_marker_dag.py
[2024-11-25T08:12:04.915+0000] {processor.py:914} INFO - Processing file /home/airflow/.local/lib/python3.12/site-packages/airflow/example_dags/example_external_task_marker_dag.py for tasks to queue
[2024-11-25T08:12:04.918+0000] {logging_mixin.py:190} INFO - [2024-11-25T08:12:04.918+0000] {dagbag.py:588} INFO - Filling up the DagBag from /home/airflow/.local/lib/python3.12/site-packages/airflow/example_dags/example_external_task_marker_dag.py
[2024-11-25T08:12:04.931+0000] {processor.py:925} INFO - DAG(s) 'example_external_task_marker_child', 'example_external_task_marker_parent' retrieved from /home/airflow/.local/lib/python3.12/site-packages/airflow/example_dags/example_external_task_marker_dag.py
[2024-11-25T08:12:04.975+0000] {logging_mixin.py:190} INFO - [2024-11-25T08:12:04.975+0000] {dag.py:3239} INFO - Sync 2 DAGs
[2024-11-25T08:10:40.822+0000] {logging_mixin.py:190} INFO - [2024-11-25T08:10:40.822+0000] {dag.py:4180} INFO - Setting next_dagrun for example_external_task_marker_child to None, run_after=None
[2024-11-25T08:10:40.832+0000] {logging_mixin.py:190} INFO - [2024-11-25T08:10:40.831+0000] {dag.py:4180} INFO - Setting next_dagrun for example_external_task_marker_parent to None, run_after=None
[2024-11-25T08:10:40.872+0000] {processor.py:208} INFO - Processing /home/airflow/.local/lib/python3.12/site-packages/airflow/example_dags/example_external_task_marker_dag.py took 0.161 seconds
