[2024-11-25T08:08:09.435+0000] {processor.py:186} INFO - Started process (PID=90) to work on /home/airflow/.local/lib/python3.12/site-packages/airflow/example_dags/tutorial.py
[2024-11-25T08:08:09.437+0000] {processor.py:914} INFO - Processing file /home/airflow/.local/lib/python3.12/site-packages/airflow/example_dags/tutorial.py for tasks to queue
[2024-11-25T08:08:09.443+0000] {logging_mixin.py:190} INFO - [2024-11-25T08:08:09.442+0000] {dagbag.py:588} INFO - Filling up the DagBag from /home/airflow/.local/lib/python3.12/site-packages/airflow/example_dags/tutorial.py
[2024-11-25T08:08:09.494+0000] {processor.py:925} INFO - DAG(s) 'tutorial' retrieved from /home/airflow/.local/lib/python3.12/site-packages/airflow/example_dags/tutorial.py
[2024-11-25T08:08:09.665+0000] {logging_mixin.py:190} INFO - [2024-11-25T08:08:09.664+0000] {dag.py:3239} INFO - Sync 1 DAGs
[2024-11-25T08:08:09.789+0000] {logging_mixin.py:190} INFO - [2024-11-25T08:08:09.787+0000] {dag.py:4180} INFO - Setting next_dagrun for tutorial to 2024-11-24 00:00:00+00:00, run_after=2024-11-25 00:00:00+00:00
[2024-11-25T08:08:09.867+0000] {processor.py:208} INFO - Processing /home/airflow/.local/lib/python3.12/site-packages/airflow/example_dags/tutorial.py took 0.449 seconds
[2024-11-25T08:08:27.665+0000] {processor.py:186} INFO - Started process (PID=146) to work on /home/airflow/.local/lib/python3.12/site-packages/airflow/example_dags/tutorial.py
[2024-11-25T08:08:27.666+0000] {processor.py:914} INFO - Processing file /home/airflow/.local/lib/python3.12/site-packages/airflow/example_dags/tutorial.py for tasks to queue
[2024-11-25T08:08:27.670+0000] {logging_mixin.py:190} INFO - [2024-11-25T08:08:27.669+0000] {dagbag.py:588} INFO - Filling up the DagBag from /home/airflow/.local/lib/python3.12/site-packages/airflow/example_dags/tutorial.py
[2024-11-25T08:08:27.692+0000] {processor.py:925} INFO - DAG(s) 'tutorial' retrieved from /home/airflow/.local/lib/python3.12/site-packages/airflow/example_dags/tutorial.py
[2024-11-25T08:08:27.737+0000] {logging_mixin.py:190} INFO - [2024-11-25T08:08:27.736+0000] {dag.py:3239} INFO - Sync 1 DAGs
[2024-11-25T08:08:27.786+0000] {logging_mixin.py:190} INFO - [2024-11-25T08:08:27.786+0000] {dag.py:4180} INFO - Setting next_dagrun for tutorial to 2024-11-24 00:00:00+00:00, run_after=2024-11-25 00:00:00+00:00
[2024-11-25T08:08:27.825+0000] {processor.py:208} INFO - Processing /home/airflow/.local/lib/python3.12/site-packages/airflow/example_dags/tutorial.py took 0.169 seconds
[2024-11-25T08:08:59.000+0000] {processor.py:186} INFO - Started process (PID=205) to work on /home/airflow/.local/lib/python3.12/site-packages/airflow/example_dags/tutorial.py
[2024-11-25T08:08:59.001+0000] {processor.py:914} INFO - Processing file /home/airflow/.local/lib/python3.12/site-packages/airflow/example_dags/tutorial.py for tasks to queue
[2024-11-25T08:08:59.004+0000] {logging_mixin.py:190} INFO - [2024-11-25T08:08:59.004+0000] {dagbag.py:588} INFO - Filling up the DagBag from /home/airflow/.local/lib/python3.12/site-packages/airflow/example_dags/tutorial.py
[2024-11-25T08:08:59.015+0000] {processor.py:925} INFO - DAG(s) 'tutorial' retrieved from /home/airflow/.local/lib/python3.12/site-packages/airflow/example_dags/tutorial.py
[2024-11-25T08:08:59.049+0000] {logging_mixin.py:190} INFO - [2024-11-25T08:08:59.049+0000] {dag.py:3239} INFO - Sync 1 DAGs
[2024-11-25T08:08:59.089+0000] {logging_mixin.py:190} INFO - [2024-11-25T08:08:59.088+0000] {dag.py:4180} INFO - Setting next_dagrun for tutorial to 2024-11-24 00:00:00+00:00, run_after=2024-11-25 00:00:00+00:00
[2024-11-25T08:08:59.114+0000] {processor.py:208} INFO - Processing /home/airflow/.local/lib/python3.12/site-packages/airflow/example_dags/tutorial.py took 0.119 seconds
[2024-11-25T08:09:07.575+0000] {processor.py:186} INFO - Started process (PID=260) to work on /home/airflow/.local/lib/python3.12/site-packages/airflow/example_dags/tutorial.py
[2024-11-25T08:09:07.576+0000] {processor.py:914} INFO - Processing file /home/airflow/.local/lib/python3.12/site-packages/airflow/example_dags/tutorial.py for tasks to queue
[2024-11-25T08:09:07.579+0000] {logging_mixin.py:190} INFO - [2024-11-25T08:09:07.578+0000] {dagbag.py:588} INFO - Filling up the DagBag from /home/airflow/.local/lib/python3.12/site-packages/airflow/example_dags/tutorial.py
[2024-11-25T08:09:07.590+0000] {processor.py:925} INFO - DAG(s) 'tutorial' retrieved from /home/airflow/.local/lib/python3.12/site-packages/airflow/example_dags/tutorial.py
[2024-11-25T08:09:07.615+0000] {logging_mixin.py:190} INFO - [2024-11-25T08:09:07.615+0000] {dag.py:3239} INFO - Sync 1 DAGs
[2024-11-25T08:09:07.650+0000] {logging_mixin.py:190} INFO - [2024-11-25T08:09:07.649+0000] {dag.py:4180} INFO - Setting next_dagrun for tutorial to 2024-11-24 00:00:00+00:00, run_after=2024-11-25 00:00:00+00:00
[2024-11-25T08:09:07.680+0000] {processor.py:208} INFO - Processing /home/airflow/.local/lib/python3.12/site-packages/airflow/example_dags/tutorial.py took 0.112 seconds
[2024-11-25T08:09:38.585+0000] {processor.py:186} INFO - Started process (PID=321) to work on /home/airflow/.local/lib/python3.12/site-packages/airflow/example_dags/tutorial.py
[2024-11-25T08:09:38.586+0000] {processor.py:914} INFO - Processing file /home/airflow/.local/lib/python3.12/site-packages/airflow/example_dags/tutorial.py for tasks to queue
[2024-11-25T08:09:38.589+0000] {logging_mixin.py:190} INFO - [2024-11-25T08:09:38.589+0000] {dagbag.py:588} INFO - Filling up the DagBag from /home/airflow/.local/lib/python3.12/site-packages/airflow/example_dags/tutorial.py
[2024-11-25T08:09:38.599+0000] {processor.py:925} INFO - DAG(s) 'tutorial' retrieved from /home/airflow/.local/lib/python3.12/site-packages/airflow/example_dags/tutorial.py
[2024-11-25T08:09:38.626+0000] {logging_mixin.py:190} INFO - [2024-11-25T08:09:38.626+0000] {dag.py:3239} INFO - Sync 1 DAGs
[2024-11-25T08:09:38.661+0000] {logging_mixin.py:190} INFO - [2024-11-25T08:09:38.661+0000] {dag.py:4180} INFO - Setting next_dagrun for tutorial to 2024-11-24 00:00:00+00:00, run_after=2024-11-25 00:00:00+00:00
[2024-11-25T08:09:38.691+0000] {processor.py:208} INFO - Processing /home/airflow/.local/lib/python3.12/site-packages/airflow/example_dags/tutorial.py took 0.114 seconds
[2024-11-25T08:10:08.754+0000] {processor.py:186} INFO - Started process (PID=381) to work on /home/airflow/.local/lib/python3.12/site-packages/airflow/example_dags/tutorial.py
[2024-11-25T08:10:08.755+0000] {processor.py:914} INFO - Processing file /home/airflow/.local/lib/python3.12/site-packages/airflow/example_dags/tutorial.py for tasks to queue
[2024-11-25T08:10:08.758+0000] {logging_mixin.py:190} INFO - [2024-11-25T08:10:08.758+0000] {dagbag.py:588} INFO - Filling up the DagBag from /home/airflow/.local/lib/python3.12/site-packages/airflow/example_dags/tutorial.py
[2024-11-25T08:10:08.770+0000] {processor.py:925} INFO - DAG(s) 'tutorial' retrieved from /home/airflow/.local/lib/python3.12/site-packages/airflow/example_dags/tutorial.py
[2024-11-25T08:10:08.801+0000] {logging_mixin.py:190} INFO - [2024-11-25T08:10:08.800+0000] {dag.py:3239} INFO - Sync 1 DAGs
[2024-11-25T08:10:08.830+0000] {logging_mixin.py:190} INFO - [2024-11-25T08:10:08.830+0000] {dag.py:4180} INFO - Setting next_dagrun for tutorial to 2024-11-24 00:00:00+00:00, run_after=2024-11-25 00:00:00+00:00
[2024-11-25T08:10:08.860+0000] {processor.py:208} INFO - Processing /home/airflow/.local/lib/python3.12/site-packages/airflow/example_dags/tutorial.py took 0.113 seconds
[2024-11-25T08:10:40.446+0000] {processor.py:186} INFO - Started process (PID=445) to work on /home/airflow/.local/lib/python3.12/site-packages/airflow/example_dags/tutorial.py
[2024-11-25T08:10:40.451+0000] {processor.py:914} INFO - Processing file /home/airflow/.local/lib/python3.12/site-packages/airflow/example_dags/tutorial.py for tasks to queue
[2024-11-25T08:10:40.457+0000] {logging_mixin.py:190} INFO - [2024-11-25T08:10:40.456+0000] {dagbag.py:588} INFO - Filling up the DagBag from /home/airflow/.local/lib/python3.12/site-packages/airflow/example_dags/tutorial.py
[2024-11-25T08:10:40.475+0000] {processor.py:925} INFO - DAG(s) 'tutorial' retrieved from /home/airflow/.local/lib/python3.12/site-packages/airflow/example_dags/tutorial.py
[2024-11-25T08:10:40.525+0000] {logging_mixin.py:190} INFO - [2024-11-25T08:10:40.524+0000] {dag.py:3239} INFO - Sync 1 DAGs
[2024-11-25T08:10:40.572+0000] {logging_mixin.py:190} INFO - [2024-11-25T08:10:40.572+0000] {dag.py:4180} INFO - Setting next_dagrun for tutorial to 2024-11-24 00:00:00+00:00, run_after=2024-11-25 00:00:00+00:00
[2024-11-25T08:12:04.823+0000] {processor.py:208} INFO - Processing /home/airflow/.local/lib/python3.12/site-packages/airflow/example_dags/tutorial.py took 0.190 seconds
